--------------------
./configure --prefix=build
Tue Jan 29 16:56:25 GMT 2019
Checking for gcc...
=== ztest50096.c ===
extern int getchar();
int hello() {return getchar();}
===
gcc -c ztest50096.c
... using gcc

Checking for obsessive-compulsive compiler options...
=== ztest50096.c ===
int foo() { return 0; }
===
gcc -c -O3 ztest50096.c

Checking for shared library support...
=== ztest50096.c ===
extern int getchar();
int hello() {return getchar();}
===
gcc -w -c -O3 -fPIC ztest50096.c
gcc -dynamiclib -install_name ${exec_prefix}/lib/libz.1.dylib -compatibility_version 1 -current_version 1.2.11 -O3 -fPIC -o ztest50096.dylib ztest50096.o
Building shared library libz.1.2.11.dylib with gcc.

=== ztest50096.c ===
#include <stdio.h>
#include <stdlib.h>
size_t dummy = 0;
===
gcc -c -O3 ztest50096.c
Checking for size_t... Yes.


=== ztest50096.c ===
#include <sys/types.h>
off64_t dummy = 0;
===
gcc -c -O3 -D_LARGEFILE64_SOURCE=1 ztest50096.c
ztest50096.c:2:1: error: unknown type name 'off64_t'; did you mean 'off_t'?
off64_t dummy = 0;
^~~~~~~
off_t
/Library/Developer/CommandLineTools/SDKs/MacOSX10.14.sdk/usr/include/sys/_types/_off_t.h:31:25: note: 'off_t' declared here
typedef __darwin_off_t          off_t;
                                ^
1 error generated.
(exit code 1)
Checking for off64_t... No.

=== ztest50096.c ===
#include <stdio.h>
int main(void) {
  fseeko(NULL, 0, 0);
  return 0;
}
===
gcc -O3 -o ztest50096 ztest50096.c
Checking for fseeko... Yes.

=== ztest50096.c ===
#include <string.h>
#include <errno.h>
int main() { return strlen(strerror(errno)); }
===
gcc -O3 -o ztest50096 ztest50096.c
Checking for strerror... Yes.

=== ztest50096.c ===
#include <unistd.h>
int main() { return 0; }
===
gcc -c -O3 ztest50096.c
Checking for unistd.h... Yes.

=== ztest50096.c ===
#include <stdarg.h>
int main() { return 0; }
===
gcc -c -O3 ztest50096.c
Checking for stdarg.h... Yes.

=== ztest50096.c ===
#include <stdio.h>
#include <stdarg.h>
#include "zconf.h"
int main()
{
#ifndef STDC
  choke me
#endif
  return 0;
}
===
gcc -c -O3 ztest50096.c
Checking whether to use vs[n]printf() or s[n]printf()... using vs[n]printf().

=== ztest50096.c ===
#include <stdio.h>
#include <stdarg.h>
int mytest(const char *fmt, ...)
{
  char buf[20];
  va_list ap;
  va_start(ap, fmt);
  vsnprintf(buf, sizeof(buf), fmt, ap);
  va_end(ap);
  return 0;
}
int main()
{
  return (mytest("Hello%d\n", 1));
}
===
gcc -O3 -o ztest50096 ztest50096.c
Checking for vsnprintf() in stdio.h... Yes.

=== ztest50096.c ===
#include <stdio.h>
#include <stdarg.h>
int mytest(const char *fmt, ...)
{
  int n;
  char buf[20];
  va_list ap;
  va_start(ap, fmt);
  n = vsnprintf(buf, sizeof(buf), fmt, ap);
  va_end(ap);
  return n;
}
int main()
{
  return (mytest("Hello%d\n", 1));
}
===
gcc -c -O3 ztest50096.c
Checking for return value of vsnprintf()... Yes.

=== ztest50096.c ===
#define ZLIB_INTERNAL __attribute__((visibility ("hidden")))
int ZLIB_INTERNAL foo;
int main()
{
  return 0;
}
===
gcc -c -O3 ztest50096.c
Checking for attribute(visibility) support... Yes.

ALL = static shared
AR = libtool
ARFLAGS = -o
CC = gcc
CFLAGS = -O3 -DHAVE_HIDDEN
CPP = gcc -E
EXE =
LDCONFIG = ldconfig
LDFLAGS =
LDSHARED = gcc -dynamiclib -install_name ${exec_prefix}/lib/libz.1.dylib -compatibility_version 1 -current_version 1.2.11
LDSHAREDLIBC = -lc
OBJC = $(OBJZ) $(OBJG)
PIC_OBJC = $(PIC_OBJZ) $(PIC_OBJG)
RANLIB = ranlib
SFLAGS = -O3 -fPIC -DHAVE_HIDDEN
SHAREDLIB = libz.dylib
SHAREDLIBM = libz.1.dylib
SHAREDLIBV = libz.1.2.11.dylib
STATICLIB = libz.a
TEST = all teststatic testshared
VER = 1.2.11
Z_U4 =
SRCDIR =
exec_prefix = ${prefix}
includedir = ${prefix}/include
libdir = ${exec_prefix}/lib
mandir = ${prefix}/share/man
prefix = build
sharedlibdir = ${libdir}
uname = Darwin
--------------------


--------------------
./configure --prefix=build
Fri Feb  1 15:08:53 GMT 2019
Checking for gcc...
=== ztest72530.c ===
extern int getchar();
int hello() {return getchar();}
===
gcc -c ztest72530.c
... using gcc

Checking for obsessive-compulsive compiler options...
=== ztest72530.c ===
int foo() { return 0; }
===
gcc -c -O3 ztest72530.c

Checking for shared library support...
=== ztest72530.c ===
extern int getchar();
int hello() {return getchar();}
===
gcc -w -c -O3 -fPIC ztest72530.c
gcc -dynamiclib -install_name ${exec_prefix}/lib/libz.1.dylib -compatibility_version 1 -current_version 1.2.11 -O3 -fPIC -o ztest72530.dylib ztest72530.o
Building shared library libz.1.2.11.dylib with gcc.

=== ztest72530.c ===
#include <stdio.h>
#include <stdlib.h>
size_t dummy = 0;
===
gcc -c -O3 ztest72530.c
Checking for size_t... Yes.


=== ztest72530.c ===
#include <sys/types.h>
off64_t dummy = 0;
===
gcc -c -O3 -D_LARGEFILE64_SOURCE=1 ztest72530.c
ztest72530.c:2:1: error: unknown type name 'off64_t'; did you mean 'off_t'?
off64_t dummy = 0;
^~~~~~~
off_t
/Library/Developer/CommandLineTools/SDKs/MacOSX10.14.sdk/usr/include/sys/_types/_off_t.h:31:25: note: 'off_t' declared here
typedef __darwin_off_t          off_t;
                                ^
1 error generated.
(exit code 1)
Checking for off64_t... No.

=== ztest72530.c ===
#include <stdio.h>
int main(void) {
  fseeko(NULL, 0, 0);
  return 0;
}
===
gcc -O3 -o ztest72530 ztest72530.c
Checking for fseeko... Yes.

=== ztest72530.c ===
#include <string.h>
#include <errno.h>
int main() { return strlen(strerror(errno)); }
===
gcc -O3 -o ztest72530 ztest72530.c
Checking for strerror... Yes.

=== ztest72530.c ===
#include <unistd.h>
int main() { return 0; }
===
gcc -c -O3 ztest72530.c
Checking for unistd.h... Yes.

=== ztest72530.c ===
#include <stdarg.h>
int main() { return 0; }
===
gcc -c -O3 ztest72530.c
Checking for stdarg.h... Yes.

=== ztest72530.c ===
#include <stdio.h>
#include <stdarg.h>
#include "zconf.h"
int main()
{
#ifndef STDC
  choke me
#endif
  return 0;
}
===
gcc -c -O3 ztest72530.c
Checking whether to use vs[n]printf() or s[n]printf()... using vs[n]printf().

=== ztest72530.c ===
#include <stdio.h>
#include <stdarg.h>
int mytest(const char *fmt, ...)
{
  char buf[20];
  va_list ap;
  va_start(ap, fmt);
  vsnprintf(buf, sizeof(buf), fmt, ap);
  va_end(ap);
  return 0;
}
int main()
{
  return (mytest("Hello%d\n", 1));
}
===
gcc -O3 -o ztest72530 ztest72530.c
Checking for vsnprintf() in stdio.h... Yes.

=== ztest72530.c ===
#include <stdio.h>
#include <stdarg.h>
int mytest(const char *fmt, ...)
{
  int n;
  char buf[20];
  va_list ap;
  va_start(ap, fmt);
  n = vsnprintf(buf, sizeof(buf), fmt, ap);
  va_end(ap);
  return n;
}
int main()
{
  return (mytest("Hello%d\n", 1));
}
===
gcc -c -O3 ztest72530.c
Checking for return value of vsnprintf()... Yes.

=== ztest72530.c ===
#define ZLIB_INTERNAL __attribute__((visibility ("hidden")))
int ZLIB_INTERNAL foo;
int main()
{
  return 0;
}
===
gcc -c -O3 ztest72530.c
Checking for attribute(visibility) support... Yes.

ALL = static shared
AR = libtool
ARFLAGS = -o
CC = gcc
CFLAGS = -O3 -DHAVE_HIDDEN
CPP = gcc -E
EXE =
LDCONFIG = ldconfig
LDFLAGS =
LDSHARED = gcc -dynamiclib -install_name ${exec_prefix}/lib/libz.1.dylib -compatibility_version 1 -current_version 1.2.11
LDSHAREDLIBC = -lc
OBJC = $(OBJZ) $(OBJG)
PIC_OBJC = $(PIC_OBJZ) $(PIC_OBJG)
RANLIB = ranlib
SFLAGS = -O3 -fPIC -DHAVE_HIDDEN
SHAREDLIB = libz.dylib
SHAREDLIBM = libz.1.dylib
SHAREDLIBV = libz.1.2.11.dylib
STATICLIB = libz.a
TEST = all teststatic testshared
VER = 1.2.11
Z_U4 =
SRCDIR =
exec_prefix = ${prefix}
includedir = ${prefix}/include
libdir = ${exec_prefix}/lib
mandir = ${prefix}/share/man
prefix = build
sharedlibdir = ${libdir}
uname = Darwin
--------------------


--------------------
./configure --prefix=build
Tue Mar 12 09:59:11 GMT 2019
Checking for gcc...
=== ztest20457.c ===
extern int getchar();
int hello() {return getchar();}
===
gcc -c ztest20457.c
... using gcc

Checking for obsessive-compulsive compiler options...
=== ztest20457.c ===
int foo() { return 0; }
===
gcc -c -O3 ztest20457.c

Checking for shared library support...
=== ztest20457.c ===
extern int getchar();
int hello() {return getchar();}
===
gcc -w -c -O3 -fPIC ztest20457.c
gcc -dynamiclib -install_name ${exec_prefix}/lib/libz.1.dylib -compatibility_version 1 -current_version 1.2.11 -O3 -fPIC -o ztest20457.dylib ztest20457.o
Building shared library libz.1.2.11.dylib with gcc.

=== ztest20457.c ===
#include <stdio.h>
#include <stdlib.h>
size_t dummy = 0;
===
gcc -c -O3 ztest20457.c
Checking for size_t... Yes.


=== ztest20457.c ===
#include <sys/types.h>
off64_t dummy = 0;
===
gcc -c -O3 -D_LARGEFILE64_SOURCE=1 ztest20457.c
ztest20457.c:2:1: error: unknown type name 'off64_t'; did you mean 'off_t'?
off64_t dummy = 0;
^~~~~~~
off_t
/Library/Developer/CommandLineTools/SDKs/MacOSX10.14.sdk/usr/include/sys/_types/_off_t.h:31:25: note: 'off_t' declared here
typedef __darwin_off_t          off_t;
                                ^
1 error generated.
(exit code 1)
Checking for off64_t... No.

=== ztest20457.c ===
#include <stdio.h>
int main(void) {
  fseeko(NULL, 0, 0);
  return 0;
}
===
gcc -O3 -o ztest20457 ztest20457.c
Checking for fseeko... Yes.

=== ztest20457.c ===
#include <string.h>
#include <errno.h>
int main() { return strlen(strerror(errno)); }
===
gcc -O3 -o ztest20457 ztest20457.c
Checking for strerror... Yes.

=== ztest20457.c ===
#include <unistd.h>
int main() { return 0; }
===
gcc -c -O3 ztest20457.c
Checking for unistd.h... Yes.

=== ztest20457.c ===
#include <stdarg.h>
int main() { return 0; }
===
gcc -c -O3 ztest20457.c
Checking for stdarg.h... Yes.

=== ztest20457.c ===
#include <stdio.h>
#include <stdarg.h>
#include "zconf.h"
int main()
{
#ifndef STDC
  choke me
#endif
  return 0;
}
===
gcc -c -O3 ztest20457.c
Checking whether to use vs[n]printf() or s[n]printf()... using vs[n]printf().

=== ztest20457.c ===
#include <stdio.h>
#include <stdarg.h>
int mytest(const char *fmt, ...)
{
  char buf[20];
  va_list ap;
  va_start(ap, fmt);
  vsnprintf(buf, sizeof(buf), fmt, ap);
  va_end(ap);
  return 0;
}
int main()
{
  return (mytest("Hello%d\n", 1));
}
===
gcc -O3 -o ztest20457 ztest20457.c
Checking for vsnprintf() in stdio.h... Yes.

=== ztest20457.c ===
#include <stdio.h>
#include <stdarg.h>
int mytest(const char *fmt, ...)
{
  int n;
  char buf[20];
  va_list ap;
  va_start(ap, fmt);
  n = vsnprintf(buf, sizeof(buf), fmt, ap);
  va_end(ap);
  return n;
}
int main()
{
  return (mytest("Hello%d\n", 1));
}
===
gcc -c -O3 ztest20457.c
Checking for return value of vsnprintf()... Yes.

=== ztest20457.c ===
#define ZLIB_INTERNAL __attribute__((visibility ("hidden")))
int ZLIB_INTERNAL foo;
int main()
{
  return 0;
}
===
gcc -c -O3 ztest20457.c
Checking for attribute(visibility) support... Yes.

ALL = static shared
AR = libtool
ARFLAGS = -o
CC = gcc
CFLAGS = -O3 -DHAVE_HIDDEN
CPP = gcc -E
EXE =
LDCONFIG = ldconfig
LDFLAGS =
LDSHARED = gcc -dynamiclib -install_name ${exec_prefix}/lib/libz.1.dylib -compatibility_version 1 -current_version 1.2.11
LDSHAREDLIBC = -lc
OBJC = $(OBJZ) $(OBJG)
PIC_OBJC = $(PIC_OBJZ) $(PIC_OBJG)
RANLIB = ranlib
SFLAGS = -O3 -fPIC -DHAVE_HIDDEN
SHAREDLIB = libz.dylib
SHAREDLIBM = libz.1.dylib
SHAREDLIBV = libz.1.2.11.dylib
STATICLIB = libz.a
TEST = all teststatic testshared
VER = 1.2.11
Z_U4 =
SRCDIR =
exec_prefix = ${prefix}
includedir = ${prefix}/include
libdir = ${exec_prefix}/lib
mandir = ${prefix}/share/man
prefix = build
sharedlibdir = ${libdir}
uname = Darwin
--------------------


