\BOOKMARK [0][-]{chapter.1}{\376\377\0001\000\040\000M\000o\000d\000u\000l\000e\000s\000\040\000I\000n\000d\000e\000x}{}% 1
\BOOKMARK [1][-]{section.1.1}{\376\377\0001\000.\0001\000\040\000M\000o\000d\000u\000l\000e\000s\000\040\000L\000i\000s\000t}{chapter.1}% 2
\BOOKMARK [0][-]{chapter.2}{\376\377\0002\000\040\000D\000a\000t\000a\000\040\000T\000y\000p\000e\000\040\000I\000n\000d\000e\000x}{}% 3
\BOOKMARK [1][-]{section.2.1}{\376\377\0002\000.\0001\000\040\000C\000l\000a\000s\000s\000\040\000H\000i\000e\000r\000a\000r\000c\000h\000y}{chapter.2}% 4
\BOOKMARK [0][-]{chapter.3}{\376\377\0003\000\040\000D\000a\000t\000a\000\040\000T\000y\000p\000e\000\040\000I\000n\000d\000e\000x}{}% 5
\BOOKMARK [1][-]{section.3.1}{\376\377\0003\000.\0001\000\040\000D\000a\000t\000a\000\040\000T\000y\000p\000e\000s\000\040\000L\000i\000s\000t}{chapter.3}% 6
\BOOKMARK [0][-]{chapter.4}{\376\377\0004\000\040\000F\000i\000l\000e\000\040\000I\000n\000d\000e\000x}{}% 7
\BOOKMARK [1][-]{section.4.1}{\376\377\0004\000.\0001\000\040\000F\000i\000l\000e\000\040\000L\000i\000s\000t}{chapter.4}% 8
\BOOKMARK [0][-]{chapter.5}{\376\377\0005\000\040\000M\000o\000d\000u\000l\000e\000\040\000D\000o\000c\000u\000m\000e\000n\000t\000a\000t\000i\000o\000n}{}% 9
\BOOKMARK [1][-]{section.5.1}{\376\377\0005\000.\0001\000\040\000c\000o\000m\000m\000o\000m\000\137\000m\000o\000d\000u\000l\000e\000s\000\040\000M\000o\000d\000u\000l\000e\000\040\000R\000e\000f\000e\000r\000e\000n\000c\000e}{chapter.5}% 10
\BOOKMARK [2][-]{subsection.5.1.1}{\376\377\0005\000.\0001\000.\0001\000\040\000D\000e\000t\000a\000i\000l\000e\000d\000\040\000D\000e\000s\000c\000r\000i\000p\000t\000i\000o\000n}{section.5.1}% 11
\BOOKMARK [1][-]{section.5.2}{\376\377\0005\000.\0002\000\040\000g\000e\000o\000m\000e\000t\000r\000y\000\040\000M\000o\000d\000u\000l\000e\000\040\000R\000e\000f\000e\000r\000e\000n\000c\000e}{chapter.5}% 12
\BOOKMARK [2][-]{subsection.5.2.1}{\376\377\0005\000.\0002\000.\0001\000\040\000D\000e\000t\000a\000i\000l\000e\000d\000\040\000D\000e\000s\000c\000r\000i\000p\000t\000i\000o\000n}{section.5.2}% 13
\BOOKMARK [1][-]{section.5.3}{\376\377\0005\000.\0003\000\040\000i\000n\000i\000t\000i\000a\000l\000i\000z\000e\000\040\000M\000o\000d\000u\000l\000e\000\040\000R\000e\000f\000e\000r\000e\000n\000c\000e}{chapter.5}% 14
\BOOKMARK [2][-]{subsection.5.3.1}{\376\377\0005\000.\0003\000.\0001\000\040\000F\000u\000n\000c\000t\000i\000o\000n\000/\000S\000u\000b\000r\000o\000u\000t\000i\000n\000e\000\040\000D\000o\000c\000u\000m\000e\000n\000t\000a\000t\000i\000o\000n}{section.5.3}% 15
\BOOKMARK [3][-]{subsubsection.5.3.1.1}{\376\377\0005\000.\0003\000.\0001\000.\0001\000\040\000i\000n\000i\000t\000m\000o\000h\000i\000d\000l\000a\000g\000r\000a\000n\000g\000i\000a\000n\000\050\000\051}{subsection.5.3.1}% 16
\BOOKMARK [1][-]{section.5.4}{\376\377\0005\000.\0004\000\040\000s\000i\000m\000u\000l\000a\000t\000i\000o\000n\000\137\000p\000a\000r\000a\000m\000e\000t\000e\000r\000s\000\040\000M\000o\000d\000u\000l\000e\000\040\000R\000e\000f\000e\000r\000e\000n\000c\000e}{chapter.5}% 17
\BOOKMARK [2][-]{subsection.5.4.1}{\376\377\0005\000.\0004\000.\0001\000\040\000D\000e\000t\000a\000i\000l\000e\000d\000\040\000D\000e\000s\000c\000r\000i\000p\000t\000i\000o\000n}{section.5.4}% 18
\BOOKMARK [2][-]{subsection.5.4.2}{\376\377\0005\000.\0004\000.\0002\000\040\000F\000u\000n\000c\000t\000i\000o\000n\000/\000S\000u\000b\000r\000o\000u\000t\000i\000n\000e\000\040\000D\000o\000c\000u\000m\000e\000n\000t\000a\000t\000i\000o\000n}{section.5.4}% 19
\BOOKMARK [3][-]{subsubsection.5.4.2.1}{\376\377\0005\000.\0004\000.\0002\000.\0001\000\040\000s\000e\000t\000s\000i\000m\000b\000o\000u\000n\000d\000s\000\050\000\051}{subsection.5.4.2}% 20
\BOOKMARK [3][-]{subsubsection.5.4.2.2}{\376\377\0005\000.\0004\000.\0002\000.\0002\000\040\000s\000e\000t\000s\000i\000m\000d\000p\000\050\000\051}{subsection.5.4.2}% 21
\BOOKMARK [3][-]{subsubsection.5.4.2.3}{\376\377\0005\000.\0004\000.\0002\000.\0003\000\040\000s\000e\000t\000s\000i\000m\000g\000r\000a\000v\000i\000t\000y\000\050\000\051}{subsection.5.4.2}% 22
\BOOKMARK [3][-]{subsubsection.5.4.2.4}{\376\377\0005\000.\0004\000.\0002\000.\0004\000\040\000s\000e\000t\000s\000i\000m\000p\000a\000r\000a\000m\000e\000t\000e\000r\000\050\000\051}{subsection.5.4.2}% 23
\BOOKMARK [3][-]{subsubsection.5.4.2.5}{\376\377\0005\000.\0004\000.\0002\000.\0005\000\040\000s\000e\000t\000s\000i\000m\000r\000h\000o\000\050\000\051}{subsection.5.4.2}% 24
\BOOKMARK [2][-]{subsection.5.4.3}{\376\377\0005\000.\0004\000.\0003\000\040\000V\000a\000r\000i\000a\000b\000l\000e\000\040\000D\000o\000c\000u\000m\000e\000n\000t\000a\000t\000i\000o\000n}{section.5.4}% 25
\BOOKMARK [3][-]{subsubsection.5.4.3.1}{\376\377\0005\000.\0004\000.\0003\000.\0001\000\040\000c\000f\000l}{subsection.5.4.3}% 26
\BOOKMARK [3][-]{subsubsection.5.4.3.2}{\376\377\0005\000.\0004\000.\0003\000.\0002\000\040\000d\000p}{subsection.5.4.3}% 27
\BOOKMARK [3][-]{subsubsection.5.4.3.3}{\376\377\0005\000.\0004\000.\0003\000.\0003\000\040\000g\000r\000a\000v\000i\000t\000y}{subsection.5.4.3}% 28
\BOOKMARK [3][-]{subsubsection.5.4.3.4}{\376\377\0005\000.\0004\000.\0003\000.\0004\000\040\000i\000n\000i\000t\000f\000r\000e\000e\000z\000e}{subsection.5.4.3}% 29
\BOOKMARK [3][-]{subsubsection.5.4.3.5}{\376\377\0005\000.\0004\000.\0003\000.\0005\000\040\000i\000n\000t\000e\000g\000r\000a\000t\000o\000r}{subsection.5.4.3}% 30
\BOOKMARK [3][-]{subsubsection.5.4.3.6}{\376\377\0005\000.\0004\000.\0003\000.\0006\000\040\000p\000o\000i\000n\000t\000m\000a\000x}{subsection.5.4.3}% 31
\BOOKMARK [3][-]{subsubsection.5.4.3.7}{\376\377\0005\000.\0004\000.\0003\000.\0007\000\040\000p\000o\000i\000n\000t\000m\000i\000n}{subsection.5.4.3}% 32
\BOOKMARK [3][-]{subsubsection.5.4.3.8}{\376\377\0005\000.\0004\000.\0003\000.\0008\000\040\000r\000h\000o\000\137\000r\000e\000f}{subsection.5.4.3}% 33
\BOOKMARK [3][-]{subsubsection.5.4.3.9}{\376\377\0005\000.\0004\000.\0003\000.\0009\000\040\000t\000i\000m\000e\000m\000a\000x}{subsection.5.4.3}% 34
\BOOKMARK [3][-]{subsubsection.5.4.3.10}{\376\377\0005\000.\0004\000.\0003\000.\0001\0000\000\040\000t\000i\000m\000e\000o\000u\000t}{subsection.5.4.3}% 35
\BOOKMARK [1][-]{section.5.5}{\376\377\0005\000.\0005\000\040\000s\000o\000u\000r\000c\000e\000\040\000M\000o\000d\000u\000l\000e\000\040\000R\000e\000f\000e\000r\000e\000n\000c\000e}{chapter.5}% 36
\BOOKMARK [2][-]{subsection.5.5.1}{\376\377\0005\000.\0005\000.\0001\000\040\000D\000e\000t\000a\000i\000l\000e\000d\000\040\000D\000e\000s\000c\000r\000i\000p\000t\000i\000o\000n}{section.5.5}% 37
\BOOKMARK [1][-]{section.5.6}{\376\377\0005\000.\0006\000\040\000s\000o\000u\000r\000c\000e\000\137\000e\000m\000i\000t\000t\000e\000r\000\040\000M\000o\000d\000u\000l\000e\000\040\000R\000e\000f\000e\000r\000e\000n\000c\000e}{chapter.5}% 38
\BOOKMARK [2][-]{subsection.5.6.1}{\376\377\0005\000.\0006\000.\0001\000\040\000D\000e\000t\000a\000i\000l\000e\000d\000\040\000D\000e\000s\000c\000r\000i\000p\000t\000i\000o\000n}{section.5.6}% 39
\BOOKMARK [1][-]{section.5.7}{\376\377\0005\000.\0007\000\040\000s\000o\000u\000r\000c\000e\000\137\000i\000d\000e\000n\000t\000i\000t\000y\000\040\000M\000o\000d\000u\000l\000e\000\040\000R\000e\000f\000e\000r\000e\000n\000c\000e}{chapter.5}% 40
\BOOKMARK [2][-]{subsection.5.7.1}{\376\377\0005\000.\0007\000.\0001\000\040\000D\000e\000t\000a\000i\000l\000e\000d\000\040\000D\000e\000s\000c\000r\000i\000p\000t\000i\000o\000n}{section.5.7}% 41
\BOOKMARK [2][-]{subsection.5.7.2}{\376\377\0005\000.\0007\000.\0002\000\040\000F\000u\000n\000c\000t\000i\000o\000n\000/\000S\000u\000b\000r\000o\000u\000t\000i\000n\000e\000\040\000D\000o\000c\000u\000m\000e\000n\000t\000a\000t\000i\000o\000n}{section.5.7}% 42
\BOOKMARK [3][-]{subsubsection.5.7.2.1}{\376\377\0005\000.\0007\000.\0002\000.\0001\000\040\000a\000l\000l\000o\000c\000s\000o\000u\000r\000c\000e\000s\000\050\000\051}{subsection.5.7.2}% 43
\BOOKMARK [3][-]{subsubsection.5.7.2.2}{\376\377\0005\000.\0007\000.\0002\000.\0002\000\040\000i\000n\000i\000t\000s\000o\000u\000r\000c\000e\000\050\000\051}{subsection.5.7.2}% 44
\BOOKMARK [2][-]{subsection.5.7.3}{\376\377\0005\000.\0007\000.\0003\000\040\000V\000a\000r\000i\000a\000b\000l\000e\000\040\000D\000o\000c\000u\000m\000e\000n\000t\000a\000t\000i\000o\000n}{section.5.7}% 45
\BOOKMARK [3][-]{subsubsection.5.7.3.1}{\376\377\0005\000.\0007\000.\0003\000.\0001\000\040\000s\000o\000u\000r\000c\000e}{subsection.5.7.3}% 46
\BOOKMARK [1][-]{section.5.8}{\376\377\0005\000.\0008\000\040\000t\000r\000a\000c\000e\000r\000\040\000M\000o\000d\000u\000l\000e\000\040\000R\000e\000f\000e\000r\000e\000n\000c\000e}{chapter.5}% 47
\BOOKMARK [2][-]{subsection.5.8.1}{\376\377\0005\000.\0008\000.\0001\000\040\000D\000e\000t\000a\000i\000l\000e\000d\000\040\000D\000e\000s\000c\000r\000i\000p\000t\000i\000o\000n}{section.5.8}% 48
\BOOKMARK [1][-]{section.5.9}{\376\377\0005\000.\0009\000\040\000t\000r\000a\000c\000e\000r\0002\000d\000\040\000M\000o\000d\000u\000l\000e\000\040\000R\000e\000f\000e\000r\000e\000n\000c\000e}{chapter.5}% 49
\BOOKMARK [2][-]{subsection.5.9.1}{\376\377\0005\000.\0009\000.\0001\000\040\000D\000e\000t\000a\000i\000l\000e\000d\000\040\000D\000e\000s\000c\000r\000i\000p\000t\000i\000o\000n}{section.5.9}% 50
\BOOKMARK [2][-]{subsection.5.9.2}{\376\377\0005\000.\0009\000.\0002\000\040\000F\000u\000n\000c\000t\000i\000o\000n\000/\000S\000u\000b\000r\000o\000u\000t\000i\000n\000e\000\040\000D\000o\000c\000u\000m\000e\000n\000t\000a\000t\000i\000o\000n}{section.5.9}% 51
\BOOKMARK [3][-]{subsubsection.5.9.2.1}{\376\377\0005\000.\0009\000.\0002\000.\0001\000\040\000t\000r\000a\000c\000e\000r\0002\000d\000\137\000i\000n\000i\000t\000\050\000\051}{subsection.5.9.2}% 52
\BOOKMARK [1][-]{section.5.10}{\376\377\0005\000.\0001\0000\000\040\000t\000r\000a\000c\000e\000r\0003\000d\000\040\000M\000o\000d\000u\000l\000e\000\040\000R\000e\000f\000e\000r\000e\000n\000c\000e}{chapter.5}% 53
\BOOKMARK [2][-]{subsection.5.10.1}{\376\377\0005\000.\0001\0000\000.\0001\000\040\000D\000e\000t\000a\000i\000l\000e\000d\000\040\000D\000e\000s\000c\000r\000i\000p\000t\000i\000o\000n}{section.5.10}% 54
\BOOKMARK [2][-]{subsection.5.10.2}{\376\377\0005\000.\0001\0000\000.\0002\000\040\000F\000u\000n\000c\000t\000i\000o\000n\000/\000S\000u\000b\000r\000o\000u\000t\000i\000n\000e\000\040\000D\000o\000c\000u\000m\000e\000n\000t\000a\000t\000i\000o\000n}{section.5.10}% 55
\BOOKMARK [3][-]{subsubsection.5.10.2.1}{\376\377\0005\000.\0001\0000\000.\0002\000.\0001\000\040\000t\000r\000a\000c\000e\000r\000\137\000i\000n\000i\000t\000\050\000\051}{subsection.5.10.2}% 56
\BOOKMARK [1][-]{section.5.11}{\376\377\0005\000.\0001\0001\000\040\000t\000r\000a\000c\000e\000r\000\137\000i\000n\000t\000e\000r\000p\000\040\000M\000o\000d\000u\000l\000e\000\040\000R\000e\000f\000e\000r\000e\000n\000c\000e}{chapter.5}% 57
\BOOKMARK [1][-]{section.5.12}{\376\377\0005\000.\0001\0002\000\040\000t\000r\000a\000c\000e\000r\000\137\000p\000r\000e\000c\000i\000s\000i\000o\000n\000\040\000M\000o\000d\000u\000l\000e\000\040\000R\000e\000f\000e\000r\000e\000n\000c\000e}{chapter.5}% 58
\BOOKMARK [2][-]{subsection.5.12.1}{\376\377\0005\000.\0001\0002\000.\0001\000\040\000D\000e\000t\000a\000i\000l\000e\000d\000\040\000D\000e\000s\000c\000r\000i\000p\000t\000i\000o\000n}{section.5.12}% 59
\BOOKMARK [2][-]{subsection.5.12.2}{\376\377\0005\000.\0001\0002\000.\0002\000\040\000V\000a\000r\000i\000a\000b\000l\000e\000\040\000D\000o\000c\000u\000m\000e\000n\000t\000a\000t\000i\000o\000n}{section.5.12}% 60
\BOOKMARK [3][-]{subsubsection.5.12.2.1}{\376\377\0005\000.\0001\0002\000.\0002\000.\0001\000\040\000e\000r\000r\000\137\000d\000i\000s\000t}{subsection.5.12.2}% 61
\BOOKMARK [3][-]{subsubsection.5.12.2.2}{\376\377\0005\000.\0001\0002\000.\0002\000.\0002\000\040\000e\000r\000r\000\137\000i\000n\000d}{subsection.5.12.2}% 62
\BOOKMARK [3][-]{subsubsection.5.12.2.3}{\376\377\0005\000.\0001\0002\000.\0002\000.\0003\000\040\000m\000i\000s\000s\000i\000n\000g\000\137\000v\000a\000l\000u\000e\000\137\000d\000e\000f\000a\000u\000l\000t}{subsection.5.12.2}% 63
\BOOKMARK [3][-]{subsubsection.5.12.2.4}{\376\377\0005\000.\0001\0002\000.\0002\000.\0004\000\040\000m\000v}{subsection.5.12.2}% 64
\BOOKMARK [3][-]{subsubsection.5.12.2.5}{\376\377\0005\000.\0001\0002\000.\0002\000.\0005\000\040\000m\000v\000\137\000i\000n\000t}{subsection.5.12.2}% 65
\BOOKMARK [3][-]{subsubsection.5.12.2.6}{\376\377\0005\000.\0001\0002\000.\0002\000.\0006\000\040\000p\000r\000e\000c}{subsection.5.12.2}% 66
\BOOKMARK [3][-]{subsubsection.5.12.2.7}{\376\377\0005\000.\0001\0002\000.\0002\000.\0007\000\040\000p\000r\000e\000c\000\137\000t\000i\000m\000e}{subsection.5.12.2}% 67
\BOOKMARK [3][-]{subsubsection.5.12.2.8}{\376\377\0005\000.\0001\0002\000.\0002\000.\0008\000\040\000p\000r\000e\000c\000\137\000w\000r\000t}{subsection.5.12.2}% 68
\BOOKMARK [0][-]{chapter.6}{\376\377\0006\000\040\000D\000a\000t\000a\000\040\000T\000y\000p\000e\000\040\000D\000o\000c\000u\000m\000e\000n\000t\000a\000t\000i\000o\000n}{}% 69
\BOOKMARK [1][-]{section.6.1}{\376\377\0006\000.\0001\000\040\000g\000e\000o\000m\000e\000t\000r\000y\000:\000:\000b\000o\000x\000\040\000T\000y\000p\000e\000\040\000R\000e\000f\000e\000r\000e\000n\000c\000e}{chapter.6}% 70
\BOOKMARK [1][-]{section.6.2}{\376\377\0006\000.\0002\000\040\000g\000e\000o\000m\000e\000t\000r\000y\000:\000:\000l\000i\000n\000e\000\040\000T\000y\000p\000e\000\040\000R\000e\000f\000e\000r\000e\000n\000c\000e}{chapter.6}% 71
\BOOKMARK [2][-]{subsection.6.2.1}{\376\377\0006\000.\0002\000.\0001\000\040\000D\000e\000t\000a\000i\000l\000e\000d\000\040\000D\000e\000s\000c\000r\000i\000p\000t\000i\000o\000n}{section.6.2}% 72
\BOOKMARK [2][-]{subsection.6.2.2}{\376\377\0006\000.\0002\000.\0002\000\040\000M\000e\000m\000b\000e\000r\000\040\000D\000a\000t\000a\000\040\000D\000o\000c\000u\000m\000e\000n\000t\000a\000t\000i\000o\000n}{section.6.2}% 73
\BOOKMARK [3][-]{subsubsection.6.2.2.1}{\376\377\0006\000.\0002\000.\0002\000.\0001\000\040\000c\000o\000o\000r\000d\000i\000n\000a\000t\000e\000s}{subsection.6.2.2}% 74
\BOOKMARK [3][-]{subsubsection.6.2.2.2}{\376\377\0006\000.\0002\000.\0002\000.\0002\000\040\000e\000n\000d}{subsection.6.2.2}% 75
\BOOKMARK [3][-]{subsubsection.6.2.2.3}{\376\377\0006\000.\0002\000.\0002\000.\0003\000\040\000l\000a\000s\000t}{subsection.6.2.2}% 76
\BOOKMARK [3][-]{subsubsection.6.2.2.4}{\376\377\0006\000.\0002\000.\0002\000.\0004\000\040\000o\000f}{subsection.6.2.2}% 77
\BOOKMARK [3][-]{subsubsection.6.2.2.5}{\376\377\0006\000.\0002\000.\0002\000.\0005\000\040\000p\000o\000i\000n\000t}{subsection.6.2.2}% 78
\BOOKMARK [3][-]{subsubsection.6.2.2.6}{\376\377\0006\000.\0002\000.\0002\000.\0006\000\040\000t\000h\000e}{subsection.6.2.2}% 79
\BOOKMARK [1][-]{section.6.3}{\376\377\0006\000.\0003\000\040\000g\000e\000o\000m\000e\000t\000r\000y\000:\000:\000p\000o\000i\000n\000t\000\040\000T\000y\000p\000e\000\040\000R\000e\000f\000e\000r\000e\000n\000c\000e}{chapter.6}% 80
\BOOKMARK [1][-]{section.6.4}{\376\377\0006\000.\0004\000\040\000g\000e\000o\000m\000e\000t\000r\000y\000:\000:\000s\000h\000a\000p\000e\000\040\000T\000y\000p\000e\000\040\000R\000e\000f\000e\000r\000e\000n\000c\000e}{chapter.6}% 81
\BOOKMARK [2][-]{subsection.6.4.1}{\376\377\0006\000.\0004\000.\0001\000\040\000M\000e\000m\000b\000e\000r\000\040\000D\000a\000t\000a\000\040\000D\000o\000c\000u\000m\000e\000n\000t\000a\000t\000i\000o\000n}{section.6.4}% 82
\BOOKMARK [3][-]{subsubsection.6.4.1.1}{\376\377\0006\000.\0004\000.\0001\000.\0001\000\040\000a}{subsection.6.4.1}% 83
\BOOKMARK [3][-]{subsubsection.6.4.1.2}{\376\377\0006\000.\0004\000.\0001\000.\0002\000\040\000c\000o\000o\000r\000d\000i\000n\000a\000t\000e\000s}{subsection.6.4.1}% 84
\BOOKMARK [3][-]{subsubsection.6.4.1.3}{\376\377\0006\000.\0004\000.\0001\000.\0003\000\040\000o\000f}{subsection.6.4.1}% 85
\BOOKMARK [3][-]{subsubsection.6.4.1.4}{\376\377\0006\000.\0004\000.\0001\000.\0004\000\040\000p\000o\000i\000n\000t}{subsection.6.4.1}% 86
\BOOKMARK [3][-]{subsubsection.6.4.1.5}{\376\377\0006\000.\0004\000.\0001\000.\0005\000\040\000p\000t}{subsection.6.4.1}% 87
\BOOKMARK [1][-]{section.6.5}{\376\377\0006\000.\0005\000\040\000g\000e\000o\000m\000e\000t\000r\000y\000:\000:\000s\000p\000h\000e\000r\000e\000\040\000T\000y\000p\000e\000\040\000R\000e\000f\000e\000r\000e\000n\000c\000e}{chapter.6}% 88
\BOOKMARK [2][-]{subsection.6.5.1}{\376\377\0006\000.\0005\000.\0001\000\040\000M\000e\000m\000b\000e\000r\000\040\000D\000a\000t\000a\000\040\000D\000o\000c\000u\000m\000e\000n\000t\000a\000t\000i\000o\000n}{section.6.5}% 89
\BOOKMARK [3][-]{subsubsection.6.5.1.1}{\376\377\0006\000.\0005\000.\0001\000.\0001\000\040\000r\000a\000d\000i\000u\000s}{subsection.6.5.1}% 90
\BOOKMARK [3][-]{subsubsection.6.5.1.2}{\376\377\0006\000.\0005\000.\0001\000.\0002\000\040\000s\000p\000h\000e\000r\000e}{subsection.6.5.1}% 91
\BOOKMARK [0][-]{chapter.7}{\376\377\0007\000\040\000F\000i\000l\000e\000\040\000D\000o\000c\000u\000m\000e\000n\000t\000a\000t\000i\000o\000n}{}% 92
\BOOKMARK [1][-]{section.7.1}{\376\377\0007\000.\0001\000\040\000C\000:\000/\000U\000s\000e\000r\000s\000/\000a\000d\000m\000i\000n\000i\000s\000t\000r\000a\000t\000o\000r\000/\000D\000o\000c\000u\000m\000e\000n\000t\000s\000/\000G\000i\000t\000H\000u\000b\000/\000M\000O\000H\000I\000D\000-\000L\000a\000g\000r\000a\000n\000g\000i\000a\000n\000/\000s\000r\000c\000/\000a\000p\000p\000/\000m\000a\000i\000n\000.\000f\0009\0000\000\040\000F\000i\000l\000e\000\040\000R\000e\000f\000e\000r\000e\000n\000c\000e}{chapter.7}% 93
\BOOKMARK [1][-]{section.7.2}{\376\377\0007\000.\0002\000\040\000C\000:\000/\000U\000s\000e\000r\000s\000/\000a\000d\000m\000i\000n\000i\000s\000t\000r\000a\000t\000o\000r\000/\000D\000o\000c\000u\000m\000e\000n\000t\000s\000/\000G\000i\000t\000H\000u\000b\000/\000M\000O\000H\000I\000D\000-\000L\000a\000g\000r\000a\000n\000g\000i\000a\000n\000/\000s\000r\000c\000/\000l\000i\000b\000/\000c\000o\000m\000m\000o\000n\000\137\000m\000o\000d\000u\000l\000e\000s\000.\000f\0009\0000\000\040\000F\000i\000l\000e\000\040\000R\000e\000f\000e\000r\000e\000n\000c\000e}{chapter.7}% 94
\BOOKMARK [1][-]{section.7.3}{\376\377\0007\000.\0003\000\040\000C\000:\000/\000U\000s\000e\000r\000s\000/\000a\000d\000m\000i\000n\000i\000s\000t\000r\000a\000t\000o\000r\000/\000D\000o\000c\000u\000m\000e\000n\000t\000s\000/\000G\000i\000t\000H\000u\000b\000/\000M\000O\000H\000I\000D\000-\000L\000a\000g\000r\000a\000n\000g\000i\000a\000n\000/\000s\000r\000c\000/\000l\000i\000b\000/\000g\000e\000o\000m\000e\000t\000r\000y\000.\000f\0009\0000\000\040\000F\000i\000l\000e\000\040\000R\000e\000f\000e\000r\000e\000n\000c\000e}{chapter.7}% 95
\BOOKMARK [1][-]{section.7.4}{\376\377\0007\000.\0004\000\040\000C\000:\000/\000U\000s\000e\000r\000s\000/\000a\000d\000m\000i\000n\000i\000s\000t\000r\000a\000t\000o\000r\000/\000D\000o\000c\000u\000m\000e\000n\000t\000s\000/\000G\000i\000t\000H\000u\000b\000/\000M\000O\000H\000I\000D\000-\000L\000a\000g\000r\000a\000n\000g\000i\000a\000n\000/\000s\000r\000c\000/\000l\000i\000b\000/\000i\000n\000i\000t\000i\000a\000l\000i\000z\000e\000.\000f\0009\0000\000\040\000F\000i\000l\000e\000\040\000R\000e\000f\000e\000r\000e\000n\000c\000e}{chapter.7}% 96
\BOOKMARK [1][-]{section.7.5}{\376\377\0007\000.\0005\000\040\000C\000:\000/\000U\000s\000e\000r\000s\000/\000a\000d\000m\000i\000n\000i\000s\000t\000r\000a\000t\000o\000r\000/\000D\000o\000c\000u\000m\000e\000n\000t\000s\000/\000G\000i\000t\000H\000u\000b\000/\000M\000O\000H\000I\000D\000-\000L\000a\000g\000r\000a\000n\000g\000i\000a\000n\000/\000s\000r\000c\000/\000l\000i\000b\000/\000s\000i\000m\000u\000l\000a\000t\000i\000o\000n\000\137\000p\000a\000r\000a\000m\000e\000t\000e\000r\000s\000.\000f\0009\0000\000\040\000F\000i\000l\000e\000\040\000R\000e\000f\000e\000r\000e\000n\000c\000e}{chapter.7}% 97
\BOOKMARK [1][-]{section.7.6}{\376\377\0007\000.\0006\000\040\000C\000:\000/\000U\000s\000e\000r\000s\000/\000a\000d\000m\000i\000n\000i\000s\000t\000r\000a\000t\000o\000r\000/\000D\000o\000c\000u\000m\000e\000n\000t\000s\000/\000G\000i\000t\000H\000u\000b\000/\000M\000O\000H\000I\000D\000-\000L\000a\000g\000r\000a\000n\000g\000i\000a\000n\000/\000s\000r\000c\000/\000l\000i\000b\000/\000s\000o\000u\000r\000c\000e\000.\000f\0009\0000\000\040\000F\000i\000l\000e\000\040\000R\000e\000f\000e\000r\000e\000n\000c\000e}{chapter.7}% 98
\BOOKMARK [1][-]{section.7.7}{\376\377\0007\000.\0007\000\040\000C\000:\000/\000U\000s\000e\000r\000s\000/\000a\000d\000m\000i\000n\000i\000s\000t\000r\000a\000t\000o\000r\000/\000D\000o\000c\000u\000m\000e\000n\000t\000s\000/\000G\000i\000t\000H\000u\000b\000/\000M\000O\000H\000I\000D\000-\000L\000a\000g\000r\000a\000n\000g\000i\000a\000n\000/\000s\000r\000c\000/\000l\000i\000b\000/\000s\000o\000u\000r\000c\000e\000\137\000e\000m\000i\000t\000t\000e\000r\000.\000f\0009\0000\000\040\000F\000i\000l\000e\000\040\000R\000e\000f\000e\000r\000e\000n\000c\000e}{chapter.7}% 99
\BOOKMARK [1][-]{section.7.8}{\376\377\0007\000.\0008\000\040\000C\000:\000/\000U\000s\000e\000r\000s\000/\000a\000d\000m\000i\000n\000i\000s\000t\000r\000a\000t\000o\000r\000/\000D\000o\000c\000u\000m\000e\000n\000t\000s\000/\000G\000i\000t\000H\000u\000b\000/\000M\000O\000H\000I\000D\000-\000L\000a\000g\000r\000a\000n\000g\000i\000a\000n\000/\000s\000r\000c\000/\000l\000i\000b\000/\000s\000o\000u\000r\000c\000e\000\137\000i\000d\000e\000n\000t\000i\000t\000y\000.\000f\0009\0000\000\040\000F\000i\000l\000e\000\040\000R\000e\000f\000e\000r\000e\000n\000c\000e}{chapter.7}% 100
\BOOKMARK [1][-]{section.7.9}{\376\377\0007\000.\0009\000\040\000C\000:\000/\000U\000s\000e\000r\000s\000/\000a\000d\000m\000i\000n\000i\000s\000t\000r\000a\000t\000o\000r\000/\000D\000o\000c\000u\000m\000e\000n\000t\000s\000/\000G\000i\000t\000H\000u\000b\000/\000M\000O\000H\000I\000D\000-\000L\000a\000g\000r\000a\000n\000g\000i\000a\000n\000/\000s\000r\000c\000/\000l\000i\000b\000/\000t\000r\000a\000c\000e\000r\000.\000f\0009\0000\000\040\000F\000i\000l\000e\000\040\000R\000e\000f\000e\000r\000e\000n\000c\000e}{chapter.7}% 101
\BOOKMARK [1][-]{section.7.10}{\376\377\0007\000.\0001\0000\000\040\000C\000:\000/\000U\000s\000e\000r\000s\000/\000a\000d\000m\000i\000n\000i\000s\000t\000r\000a\000t\000o\000r\000/\000D\000o\000c\000u\000m\000e\000n\000t\000s\000/\000G\000i\000t\000H\000u\000b\000/\000M\000O\000H\000I\000D\000-\000L\000a\000g\000r\000a\000n\000g\000i\000a\000n\000/\000s\000r\000c\000/\000l\000i\000b\000/\000t\000r\000a\000c\000e\000r\0002\000D\000.\000f\0009\0000\000\040\000F\000i\000l\000e\000\040\000R\000e\000f\000e\000r\000e\000n\000c\000e}{chapter.7}% 102
\BOOKMARK [1][-]{section.7.11}{\376\377\0007\000.\0001\0001\000\040\000C\000:\000/\000U\000s\000e\000r\000s\000/\000a\000d\000m\000i\000n\000i\000s\000t\000r\000a\000t\000o\000r\000/\000D\000o\000c\000u\000m\000e\000n\000t\000s\000/\000G\000i\000t\000H\000u\000b\000/\000M\000O\000H\000I\000D\000-\000L\000a\000g\000r\000a\000n\000g\000i\000a\000n\000/\000s\000r\000c\000/\000l\000i\000b\000/\000t\000r\000a\000c\000e\000r\0003\000D\000.\000f\0009\0000\000\040\000F\000i\000l\000e\000\040\000R\000e\000f\000e\000r\000e\000n\000c\000e}{chapter.7}% 103
\BOOKMARK [1][-]{section.7.12}{\376\377\0007\000.\0001\0002\000\040\000C\000:\000/\000U\000s\000e\000r\000s\000/\000a\000d\000m\000i\000n\000i\000s\000t\000r\000a\000t\000o\000r\000/\000D\000o\000c\000u\000m\000e\000n\000t\000s\000/\000G\000i\000t\000H\000u\000b\000/\000M\000O\000H\000I\000D\000-\000L\000a\000g\000r\000a\000n\000g\000i\000a\000n\000/\000s\000r\000c\000/\000l\000i\000b\000/\000t\000r\000a\000c\000e\000r\000\137\000i\000n\000t\000e\000r\000p\000.\000f\0009\0000\000\040\000F\000i\000l\000e\000\040\000R\000e\000f\000e\000r\000e\000n\000c\000e}{chapter.7}% 104
\BOOKMARK [1][-]{section.7.13}{\376\377\0007\000.\0001\0003\000\040\000C\000:\000/\000U\000s\000e\000r\000s\000/\000a\000d\000m\000i\000n\000i\000s\000t\000r\000a\000t\000o\000r\000/\000D\000o\000c\000u\000m\000e\000n\000t\000s\000/\000G\000i\000t\000H\000u\000b\000/\000M\000O\000H\000I\000D\000-\000L\000a\000g\000r\000a\000n\000g\000i\000a\000n\000/\000s\000r\000c\000/\000l\000i\000b\000/\000t\000r\000a\000c\000e\000r\000\137\000p\000r\000e\000c\000i\000s\000i\000o\000n\000.\000f\0009\0000\000\040\000F\000i\000l\000e\000\040\000R\000e\000f\000e\000r\000e\000n\000c\000e}{chapter.7}% 105
\BOOKMARK [0][-]{section*.36}{\376\377\000I\000n\000d\000e\000x}{}% 106
