  __  __  ___  _   _ ___ ____  _                                      _             
 |  \/  |/ _ \| | | |_ _|  _ \| |    __ _  __ _ _ __ __ _ _ __   __ _(_) __ _ _ __  
 | |\/| | | | | |_| || || | | | |   / _` |/ _` | __/  _` |  _ \ / _` | |/ _` |  _ \ 
 | |  | | |_| |  _  || || |_| | |__| (_| | (_| | | | (_| | | | | (_| | | (_| | | | |
 |_|  |_|\___/|_| |_|___|____/|_____\__,_|\__, |_|  \__,_|_| |_|\__, |_|\__,_|_| |_|
                                          |___/                 |___/               
  <MOHIDLagrangian> Copyright (C) 2018 by
  R. Birjukovs Canelas, R. Neves, F. Campuzano, H. de Pablo Lenonardo

  MARETEC - Research Centre for Marine, Environment and Technology

  MOHIDLagrangian is free software: you can redistribute it and/or
  modify it under the terms of the GNU General Public License as
  published by the Free Software Foundation, either version 3 of
  the License, or (at your option) any later version.

  MOHIDLagrangian is distributed WITHOUT ANY WARRANTY; without even
  the implied warranty of MERCHANTABILITY or FITNESS FOR A PARTICULAR
  PURPOSE. See the GNU General Public License for more details.

  You should have received a copy of the GNU General Public License,
  along with MOHIDLagrangian. If not, see <http://www.gnu.org/licenses/>.,


MOHIDLagrangian v0.0.6 (R. Birjukovs Canelas) (30-07-2018)
=====================================================================
2018-8-13 @12:48:30 ->Reading .xml file Template_Lagrangian_out/Template_Lagrangian.xml
2018-8-13 @12:48:30 ->Case name is Template_Lagrangian
 -->Reading case parameters
       Integrator scheme is Runge-Kuta 4
       CFL = +0.800000E+00
       WarmUpTime = +0.100000E+00 s
       TimeOut = +0.110000E+01 Hz
       StartTime = 1984-12-10 13:05:00.000
       EndTime   = 1984-12-11 13:17:00.000
       Simulation will run for +0.871200E+05 s
       Output file format is VTK
 -->Reading case constants
       Gravity is 
        0.000000E+00  0.000000E+00 -0.981000E+01
       Z0 = +0.216000E+01 m
       Rho_ref = +0.110000E+04 kg/m^3
 -->Reading case simulation definitions
       Timestep is +0.300000E+02 s
       Pointmin (BB) is 
       -0.100000E+02  0.000000E+00 -0.500010E+03
       Pointmax (BB) is 
       +0.100000E+02 +0.100000E+02 +0.405740E+01
       Blocks are automatically sized
 -->Reading case Sources
2018-8-13 @12:48:30 Allocated +6 Sources.
 -->Source Spill_007
       Id = +18
       Geometry type is box
       Initially at coordinates
       -0.550000E+01 +0.100000E+01  0.000000E+00
       Emitting +24 tracers at every +1 time-steps
       For an estimated total of +69684 tracers
       Active from +0.150000E+02 to +0.871200E+05 seconds
 -->Source Litter_plastic
       Id = +1
       Geometry type is point
       Initially at coordinates
       +0.250000E+01 +0.550000E+01 +0.750000E+00
       Emitting +1 tracers at every +1 time-steps
       For an estimated total of +2 tracers
       Active from +0.150000E+02 to +0.900000E+02 seconds
 -->Source Emissary_2
       Id = +2
       Geometry type is line
       Initially at coordinates
       +0.100000E+01 +0.200000E+01 -0.100000E+02
       Emitting +21 tracers at every +2 time-steps
       For an estimated total of +30492 tracers
       Active from  0.000000E+00 to +0.871200E+05 seconds
 -->Source Mistery_discharge_0
       Id = +3
       Geometry type is sphere
       Initially at coordinates
       +0.900000E+01 +0.800000E+01  0.000000E+00
       Emitting +96 tracers at every +3 time-steps
       For an estimated total of +92926 tracers
       Active from +0.112500E+01 to +0.871200E+05 seconds
 -->Source Mistery_discharge_1
       Id = +6
       Geometry type is sphere
       Initially at coordinates
       +0.905000E+01 +0.200000E+01  0.000000E+00
       Emitting +4 tracers at every +1 time-steps
       For an estimated total of +11615 tracers
       Active from +0.112500E+01 to +0.871200E+05 seconds
 -->Source Mistery_discharge_2
       Id = +7
       Geometry type is point
       Initially at coordinates
       +0.902500E+01 +0.500000E+01 +0.750000E+00
       Emitting +1 tracers at every +5 time-steps
       For an estimated total of +580 tracers
       Active from +0.101250E+02 to +0.871200E+05 seconds
 -->Properties to link to Sources found at Material_props.xml
       Source id = +3, Mistery_discharge_0 is of type plastic, with property name bag_1
       Source id = +2, Emissary_2 is of type paper, with property name cardboard_1
       Source id = +10 not listed, property expanded_polysryrene_10, of type plastic not linked, ignoring
2018-8-13 @12:48:30 ->Reading .xml file Material_props.xml
 -->Sources properties are set
2018-8-13 @12:48:30 Allocated +16 Blocks.
 -->Automatic domain decomposition sucessful. Domain is +8 X +2 Blocks
 -->Sources allocated to their current Blocks
 -->+205315 Tracers allocated, +0 Tracers active
2018-8-13 @12:48:30 ->Total allocated memory: +0.451887E+02 mb
       Allocated memory for Blocks  = +0.153600E-01 mb
       Allocated memory for Sources = +0.307200E-02 mb
       Allocated memory for Tracers = +0.451693E+02 mb
       Allocated memory for Consts  = +0.100800E-02 mb
2018-8-13 @12:48:30 ->Writting Bounding Box file Template_Lagrangian_BoundingBox.vtu
2018-8-13 @12:48:30 ->Writting Blocks file Template_Lagrangian_Blocks.vtu
 -------------------------------------------------------
2018-8-13 @12:48:30 ->Simulation staring
 -------------------------------------------------------
2018-8-13 @12:48:30 ->Writting output file Template_Lagrangian_00000.vtu
 -->+205333 Tracers allocated, +21 Tracers active
2018-8-13 @12:48:30 ->Writting output file Template_Lagrangian_00001.vtu
 -->+205333 Tracers allocated, +147 Tracers active
2018-8-13 @12:48:31 ->Writting output file Template_Lagrangian_00002.vtu
 -->+205337 Tracers allocated, +197 Tracers active
 -->Source +1 trying to emitt Tracers from an exausted Emitter +12
2018-8-13 @12:48:31 ->Writting output file Template_Lagrangian_00003.vtu
 -->+205337 Tracers allocated, +225 Tracers active
2018-8-13 @12:48:31 ->Writting output file Template_Lagrangian_00004.vtu
 -->+205351 Tracers allocated, +370 Tracers active
2018-8-13 @12:48:32 ->Writting output file Template_Lagrangian_00005.vtu
 -->+205351 Tracers allocated, +398 Tracers active
2018-8-13 @12:48:32 ->Writting output file Template_Lagrangian_00006.vtu
 -->+205366 Tracers allocated, +448 Tracers active
2018-8-13 @12:48:33 ->Writting output file Template_Lagrangian_00007.vtu
 -->+205366 Tracers allocated, +572 Tracers active
2018-8-13 @12:48:33 ->Writting output file Template_Lagrangian_00008.vtu
 -->+205376 Tracers allocated, +621 Tracers active
2018-8-13 @12:48:34 ->Writting output file Template_Lagrangian_00009.vtu
 -->+205376 Tracers allocated, +649 Tracers active
2018-8-13 @12:48:35 ->Writting output file Template_Lagrangian_00010.vtu
 -->+205388 Tracers allocated, +794 Tracers active
2018-8-13 @12:48:36 ->Writting output file Template_Lagrangian_00011.vtu
 -->+205388 Tracers allocated, +823 Tracers active
2018-8-13 @12:48:36 ->Writting output file Template_Lagrangian_00012.vtu
 -->+205402 Tracers allocated, +872 Tracers active
2018-8-13 @12:48:37 ->Writting output file Template_Lagrangian_00013.vtu
 -->+205402 Tracers allocated, +996 Tracers active
2018-8-13 @12:48:38 ->Writting output file Template_Lagrangian_00014.vtu
 -->+205419 Tracers allocated, +1045 Tracers active
2018-8-13 @12:48:39 ->Writting output file Template_Lagrangian_00015.vtu
 -->+205419 Tracers allocated, +1073 Tracers active
2018-8-13 @12:48:41 ->Writting output file Template_Lagrangian_00016.vtu
 -->+205439 Tracers allocated, +1219 Tracers active
2018-8-13 @12:48:41 ->Writting output file Template_Lagrangian_00017.vtu
 -->+205439 Tracers allocated, +1247 Tracers active
2018-8-13 @12:48:42 ->Writting output file Template_Lagrangian_00018.vtu
 -->+205439 Tracers allocated, +1296 Tracers active
2018-8-13 @12:48:44 ->Writting output file Template_Lagrangian_00019.vtu
 -->+205439 Tracers allocated, +1420 Tracers active
2018-8-13 @12:48:45 ->Writting output file Template_Lagrangian_00020.vtu
 -->+205463 Tracers allocated, +1469 Tracers active
2018-8-13 @12:48:46 ->Writting output file Template_Lagrangian_00021.vtu
 -->+205463 Tracers allocated, +1498 Tracers active
2018-8-13 @12:48:48 ->Writting output file Template_Lagrangian_00022.vtu
 -->+205463 Tracers allocated, +1643 Tracers active
2018-8-13 @12:48:49 ->Writting output file Template_Lagrangian_00023.vtu
 -->+205463 Tracers allocated, +1671 Tracers active
2018-8-13 @12:48:50 ->Writting output file Template_Lagrangian_00024.vtu
 -->+205492 Tracers allocated, +1720 Tracers active
2018-8-13 @12:48:52 ->Writting output file Template_Lagrangian_00025.vtu
 -->+205492 Tracers allocated, +1844 Tracers active
2018-8-13 @12:48:54 ->Writting output file Template_Lagrangian_00026.vtu
 -->+205492 Tracers allocated, +1894 Tracers active
2018-8-13 @12:48:55 ->Writting output file Template_Lagrangian_00027.vtu
 -->+205492 Tracers allocated, +1922 Tracers active
2018-8-13 @12:48:57 ->Writting output file Template_Lagrangian_00028.vtu
 -->+205506 Tracers allocated, +2067 Tracers active
2018-8-13 @12:48:58 ->Writting output file Template_Lagrangian_00029.vtu
 -->+205506 Tracers allocated, +2095 Tracers active
2018-8-13 @12:49:0 ->Writting output file Template_Lagrangian_00030.vtu
 -->+205527 Tracers allocated, +2144 Tracers active
2018-8-13 @12:49:2 ->Writting output file Template_Lagrangian_00031.vtu
 -->+205527 Tracers allocated, +2269 Tracers active
2018-8-13 @12:49:4 ->Writting output file Template_Lagrangian_00032.vtu
 -->+205527 Tracers allocated, +2318 Tracers active
2018-8-13 @12:49:5 ->Writting output file Template_Lagrangian_00033.vtu
 -->+205527 Tracers allocated, +2346 Tracers active
2018-8-13 @12:49:8 ->Writting output file Template_Lagrangian_00034.vtu
 -->+205544 Tracers allocated, +2491 Tracers active
2018-8-13 @12:49:10 ->Writting output file Template_Lagrangian_00035.vtu
 -->+205544 Tracers allocated, +2519 Tracers active
2018-8-13 @12:49:11 ->Writting output file Template_Lagrangian_00036.vtu
 -->+205569 Tracers allocated, +2569 Tracers active
2018-8-13 @12:49:14 ->Writting output file Template_Lagrangian_00037.vtu
 -->+205569 Tracers allocated, +2693 Tracers active
2018-8-13 @12:49:16 ->Writting output file Template_Lagrangian_00038.vtu
 -->+205569 Tracers allocated, +2742 Tracers active
2018-8-13 @12:49:18 ->Writting output file Template_Lagrangian_00039.vtu
 -->+205569 Tracers allocated, +2770 Tracers active
2018-8-13 @12:49:20 ->Writting output file Template_Lagrangian_00040.vtu
 -->+205569 Tracers allocated, +2915 Tracers active
2018-8-13 @12:49:22 ->Writting output file Template_Lagrangian_00041.vtu
 -->+205569 Tracers allocated, +2944 Tracers active
2018-8-13 @12:49:24 ->Writting output file Template_Lagrangian_00042.vtu
 -->+205620 Tracers allocated, +2993 Tracers active
2018-8-13 @12:49:27 ->Writting output file Template_Lagrangian_00043.vtu
 -->+205620 Tracers allocated, +3117 Tracers active
2018-8-13 @12:49:29 ->Writting output file Template_Lagrangian_00044.vtu
 -->+205620 Tracers allocated, +3166 Tracers active
2018-8-13 @12:49:31 ->Writting output file Template_Lagrangian_00045.vtu
 -->+205620 Tracers allocated, +3194 Tracers active
2018-8-13 @12:49:34 ->Writting output file Template_Lagrangian_00046.vtu
 -->+205620 Tracers allocated, +3340 Tracers active
2018-8-13 @12:49:37 ->Writting output file Template_Lagrangian_00047.vtu
 -->+205620 Tracers allocated, +3368 Tracers active
2018-8-13 @12:49:39 ->Writting output file Template_Lagrangian_00048.vtu
 -->+205620 Tracers allocated, +3417 Tracers active
2018-8-13 @12:49:42 ->Writting output file Template_Lagrangian_00049.vtu
 -->+205620 Tracers allocated, +3541 Tracers active
2018-8-13 @12:49:44 ->Writting output file Template_Lagrangian_00050.vtu
 -->+205681 Tracers allocated, +3590 Tracers active
2018-8-13 @12:49:47 ->Writting output file Template_Lagrangian_00051.vtu
 -->+205681 Tracers allocated, +3619 Tracers active
2018-8-13 @12:49:50 ->Writting output file Template_Lagrangian_00052.vtu
 -->+205681 Tracers allocated, +3764 Tracers active
2018-8-13 @12:49:52 ->Writting output file Template_Lagrangian_00053.vtu
 -->+205681 Tracers allocated, +3792 Tracers active
2018-8-13 @12:49:55 ->Writting output file Template_Lagrangian_00054.vtu
 -->+205681 Tracers allocated, +3841 Tracers active
2018-8-13 @12:49:58 ->Writting output file Template_Lagrangian_00055.vtu
 -->+205681 Tracers allocated, +3965 Tracers active
2018-8-13 @12:50:1 ->Writting output file Template_Lagrangian_00056.vtu
 -->+205681 Tracers allocated, +4015 Tracers active
2018-8-13 @12:50:4 ->Writting output file Template_Lagrangian_00057.vtu
 -->+205681 Tracers allocated, +4043 Tracers active
2018-8-13 @12:50:7 ->Writting output file Template_Lagrangian_00058.vtu
 -->+205681 Tracers allocated, +4188 Tracers active
2018-8-13 @12:50:10 ->Writting output file Template_Lagrangian_00059.vtu
 -->+205681 Tracers allocated, +4216 Tracers active
2018-8-13 @12:50:13 ->Writting output file Template_Lagrangian_00060.vtu
 -->+205711 Tracers allocated, +4265 Tracers active
2018-8-13 @12:50:16 ->Writting output file Template_Lagrangian_00061.vtu
 -->+205711 Tracers allocated, +4390 Tracers active
2018-8-13 @12:50:19 ->Writting output file Template_Lagrangian_00062.vtu
 -->+205754 Tracers allocated, +4439 Tracers active
2018-8-13 @12:50:22 ->Writting output file Template_Lagrangian_00063.vtu
 -->+205754 Tracers allocated, +4467 Tracers active
2018-8-13 @12:50:26 ->Writting output file Template_Lagrangian_00064.vtu
 -->+205754 Tracers allocated, +4612 Tracers active
2018-8-13 @12:50:29 ->Writting output file Template_Lagrangian_00065.vtu
 -->+205754 Tracers allocated, +4640 Tracers active
2018-8-13 @12:50:32 ->Writting output file Template_Lagrangian_00066.vtu
 -->+205754 Tracers allocated, +4690 Tracers active
2018-8-13 @12:50:36 ->Writting output file Template_Lagrangian_00067.vtu
 -->+205754 Tracers allocated, +4814 Tracers active
2018-8-13 @12:50:39 ->Writting output file Template_Lagrangian_00068.vtu
 -->+205754 Tracers allocated, +4863 Tracers active
2018-8-13 @12:50:43 ->Writting output file Template_Lagrangian_00069.vtu
 -->+205754 Tracers allocated, +4891 Tracers active
2018-8-13 @12:50:47 ->Writting output file Template_Lagrangian_00070.vtu
 -->+205754 Tracers allocated, +5036 Tracers active
2018-8-13 @12:50:50 ->Writting output file Template_Lagrangian_00071.vtu
 -->+205754 Tracers allocated, +5065 Tracers active
2018-8-13 @12:50:53 ->Writting output file Template_Lagrangian_00072.vtu
 -->+205790 Tracers allocated, +5114 Tracers active
2018-8-13 @12:50:57 ->Writting output file Template_Lagrangian_00073.vtu
 -->+205790 Tracers allocated, +5238 Tracers active
2018-8-13 @12:51:1 ->Writting output file Template_Lagrangian_00074.vtu
 -->+205842 Tracers allocated, +5287 Tracers active
2018-8-13 @12:51:4 ->Writting output file Template_Lagrangian_00075.vtu
 -->+205842 Tracers allocated, +5315 Tracers active
2018-8-13 @12:51:9 ->Writting output file Template_Lagrangian_00076.vtu
 -->+205842 Tracers allocated, +5461 Tracers active
2018-8-13 @12:51:12 ->Writting output file Template_Lagrangian_00077.vtu
 -->+205842 Tracers allocated, +5489 Tracers active
2018-8-13 @12:51:16 ->Writting output file Template_Lagrangian_00078.vtu
 -->+205842 Tracers allocated, +5538 Tracers active
2018-8-13 @12:51:20 ->Writting output file Template_Lagrangian_00079.vtu
 -->+205842 Tracers allocated, +5662 Tracers active
2018-8-13 @12:51:24 ->Writting output file Template_Lagrangian_00080.vtu
 -->+205842 Tracers allocated, +5711 Tracers active
