This file contains any messages produced by compilers while
running configure, to aid debugging if configure makes a mistake.

It was created by libfproj4 configure 1.0, which was
generated by GNU Autoconf 2.69.  Invocation command line was

  $ ./configure --with-proj4=/Users/rbc-laptop/Documents/GitHub/MOHID-Lagrangian/ExternalLibs/Proj4/Linux/proj-4.9.3/build --prefix=/Users/rbc-laptop/Documents/GitHub/MOHID-Lagrangian/ExternalLibs/Proj4/Linux/proj4-fortran/build

## --------- ##
## Platform. ##
## --------- ##

hostname = Ricardos-MacBook-Pro.local
uname -m = x86_64
uname -r = 18.5.0
uname -s = Darwin
uname -v = Darwin Kernel Version 18.5.0: Mon Mar 11 20:40:32 PDT 2019; root:xnu-4903.251.3~3/RELEASE_X86_64

/usr/bin/uname -p = i386
/bin/uname -X     = unknown

/bin/arch              = unknown
/usr/bin/arch -k       = unknown
/usr/convex/getsysinfo = unknown
/usr/bin/hostinfo      = Mach kernel version:
	 Darwin Kernel Version 18.5.0: Mon Mar 11 20:40:32 PDT 2019; root:xnu-4903.251.3~3/RELEASE_X86_64
Kernel configured for up to 4 processors.
2 processors are physically available.
4 processors are logically available.
Processor type: x86_64h (Intel x86-64h Haswell)
Processors active: 0 1 2 3
Primary memory available: 8.00 gigabytes
Default processor set: 360 tasks, 1615 threads, 4 processors
Load average: 3.59, Mach factor: 0.85
/bin/machine           = unknown
/usr/bin/oslevel       = unknown
/bin/universe          = unknown

PATH: /anaconda3/bin
PATH: /Library/Frameworks/Python.framework/Versions/2.7/bin
PATH: /Library/Frameworks/Python.framework/Versions/3.6/bin
PATH: /usr/local/opt/python/libexec/bin
PATH: /Users/rbc-laptop/bin
PATH: /usr/local/bin
PATH: /usr/bin
PATH: /bin
PATH: /usr/sbin
PATH: /sbin
PATH: /Library/Frameworks/Mono.framework/Versions/Current/Commands
PATH: /Users/rbc-laptop/Documents/GitHub/MOHID-Lagrangian/ExternalLibs/Netcdf_4.4.1.1/Linux/build/bin
PATH: /Users/rbc-laptop/Documents/GitHub/MOHID-Lagrangian/ExternalLibs/Netcdf_4.4.1.1/Linux/build/lib
PATH: /Users/rbc-laptop/Documents/GitHub/MOHID-Lagrangian/ExternalLibs/Netcdf_4.4.1.1/Linux/build/include


## ----------- ##
## Core tests. ##
## ----------- ##

configure:1930: checking for a BSD-compatible install
configure:1998: result: /usr/bin/install -c
configure:2009: checking whether build environment is sane
configure:2064: result: yes
configure:2215: checking for a thread-safe mkdir -p
configure:2254: result: ./install-sh -c -d
configure:2261: checking for gawk
configure:2291: result: no
configure:2261: checking for mawk
configure:2291: result: no
configure:2261: checking for nawk
configure:2291: result: no
configure:2261: checking for awk
configure:2277: found /usr/bin/awk
configure:2288: result: awk
configure:2299: checking whether make sets $(MAKE)
configure:2321: result: yes
configure:2350: checking whether make supports nested variables
configure:2367: result: yes
configure:2542: checking for gcc
configure:2558: found /usr/bin/gcc
configure:2569: result: gcc
configure:2798: checking for C compiler version
configure:2807: gcc --version >&5
Apple LLVM version 10.0.1 (clang-1001.0.46.3)
Target: x86_64-apple-darwin18.5.0
Thread model: posix
InstalledDir: /Library/Developer/CommandLineTools/usr/bin
Configured with: --prefix=/Library/Developer/CommandLineTools/usr --with-gxx-include-dir=/Library/Developer/CommandLineTools/SDKs/MacOSX10.14.sdk/usr/include/c++/4.2.1
configure:2818: $? = 0
configure:2807: gcc -v >&5
Configured with: --prefix=/Library/Developer/CommandLineTools/usr --with-gxx-include-dir=/Library/Developer/CommandLineTools/SDKs/MacOSX10.14.sdk/usr/include/c++/4.2.1
Apple LLVM version 10.0.1 (clang-1001.0.46.3)
Target: x86_64-apple-darwin18.5.0
Thread model: posix
InstalledDir: /Library/Developer/CommandLineTools/usr/bin
configure:2818: $? = 0
configure:2807: gcc -V >&5
clang: error: unsupported option '-V -Wno-atomic-implicit-seq-cst'
clang: error: no input files
configure:2818: $? = 1
configure:2807: gcc -qversion >&5
clang: error: unknown argument '-qversion', did you mean '--version'?
clang: error: no input files
configure:2818: $? = 1
configure:2838: checking whether the C compiler works
configure:2860: gcc  -I/Users/rbc-laptop/Documents/GitHub/MOHID-Lagrangian/ExternalLibs/HDF5_1.8.17_x64/Linux/hdf5/include -I/Users/rbc-laptop/Documents/GitHub/MOHID-Lagrangian/ExternalLibs/zlib-1.2.11/build/include -I/Users/rbc-laptop/Documents/GitHub/MOHID-Lagrangian/ExternalLibs/Netcdf_4.4.1.1/Linux/build/include -L/Users/rbc-laptop/Documents/GitHub/MOHID-Lagrangian/ExternalLibs/HDF5_1.8.17_x64/Linux/hdf5/lib -L/Users/rbc-laptop/Documents/GitHub/MOHID-Lagrangian/ExternalLibs/zlib-1.2.11/build/lib -L/Users/rbc-laptop/Documents/GitHub/MOHID-Lagrangian/ExternalLibs/Netcdf_4.4.1.1/Linux/build/lib conftest.c  >&5
configure:2864: $? = 0
configure:2912: result: yes
configure:2915: checking for C compiler default output file name
configure:2917: result: a.out
configure:2923: checking for suffix of executables
configure:2930: gcc -o conftest  -I/Users/rbc-laptop/Documents/GitHub/MOHID-Lagrangian/ExternalLibs/HDF5_1.8.17_x64/Linux/hdf5/include -I/Users/rbc-laptop/Documents/GitHub/MOHID-Lagrangian/ExternalLibs/zlib-1.2.11/build/include -I/Users/rbc-laptop/Documents/GitHub/MOHID-Lagrangian/ExternalLibs/Netcdf_4.4.1.1/Linux/build/include -L/Users/rbc-laptop/Documents/GitHub/MOHID-Lagrangian/ExternalLibs/HDF5_1.8.17_x64/Linux/hdf5/lib -L/Users/rbc-laptop/Documents/GitHub/MOHID-Lagrangian/ExternalLibs/zlib-1.2.11/build/lib -L/Users/rbc-laptop/Documents/GitHub/MOHID-Lagrangian/ExternalLibs/Netcdf_4.4.1.1/Linux/build/lib conftest.c  >&5
configure:2934: $? = 0
configure:2956: result: 
configure:2978: checking whether we are cross compiling
configure:2986: gcc -o conftest  -I/Users/rbc-laptop/Documents/GitHub/MOHID-Lagrangian/ExternalLibs/HDF5_1.8.17_x64/Linux/hdf5/include -I/Users/rbc-laptop/Documents/GitHub/MOHID-Lagrangian/ExternalLibs/zlib-1.2.11/build/include -I/Users/rbc-laptop/Documents/GitHub/MOHID-Lagrangian/ExternalLibs/Netcdf_4.4.1.1/Linux/build/include -L/Users/rbc-laptop/Documents/GitHub/MOHID-Lagrangian/ExternalLibs/HDF5_1.8.17_x64/Linux/hdf5/lib -L/Users/rbc-laptop/Documents/GitHub/MOHID-Lagrangian/ExternalLibs/zlib-1.2.11/build/lib -L/Users/rbc-laptop/Documents/GitHub/MOHID-Lagrangian/ExternalLibs/Netcdf_4.4.1.1/Linux/build/lib conftest.c  >&5
configure:2990: $? = 0
configure:2997: ./conftest
configure:3001: $? = 0
configure:3016: result: no
configure:3021: checking for suffix of object files
configure:3043: gcc -c  -I/Users/rbc-laptop/Documents/GitHub/MOHID-Lagrangian/ExternalLibs/HDF5_1.8.17_x64/Linux/hdf5/include -I/Users/rbc-laptop/Documents/GitHub/MOHID-Lagrangian/ExternalLibs/zlib-1.2.11/build/include -I/Users/rbc-laptop/Documents/GitHub/MOHID-Lagrangian/ExternalLibs/Netcdf_4.4.1.1/Linux/build/include conftest.c >&5
configure:3047: $? = 0
configure:3068: result: o
configure:3072: checking whether we are using the GNU C compiler
configure:3091: gcc -c  -I/Users/rbc-laptop/Documents/GitHub/MOHID-Lagrangian/ExternalLibs/HDF5_1.8.17_x64/Linux/hdf5/include -I/Users/rbc-laptop/Documents/GitHub/MOHID-Lagrangian/ExternalLibs/zlib-1.2.11/build/include -I/Users/rbc-laptop/Documents/GitHub/MOHID-Lagrangian/ExternalLibs/Netcdf_4.4.1.1/Linux/build/include conftest.c >&5
configure:3091: $? = 0
configure:3100: result: yes
configure:3109: checking whether gcc accepts -g
configure:3129: gcc -c -g -I/Users/rbc-laptop/Documents/GitHub/MOHID-Lagrangian/ExternalLibs/HDF5_1.8.17_x64/Linux/hdf5/include -I/Users/rbc-laptop/Documents/GitHub/MOHID-Lagrangian/ExternalLibs/zlib-1.2.11/build/include -I/Users/rbc-laptop/Documents/GitHub/MOHID-Lagrangian/ExternalLibs/Netcdf_4.4.1.1/Linux/build/include conftest.c >&5
configure:3129: $? = 0
configure:3170: result: yes
configure:3187: checking for gcc option to accept ISO C89
configure:3250: gcc  -c -g -O2 -I/Users/rbc-laptop/Documents/GitHub/MOHID-Lagrangian/ExternalLibs/HDF5_1.8.17_x64/Linux/hdf5/include -I/Users/rbc-laptop/Documents/GitHub/MOHID-Lagrangian/ExternalLibs/zlib-1.2.11/build/include -I/Users/rbc-laptop/Documents/GitHub/MOHID-Lagrangian/ExternalLibs/Netcdf_4.4.1.1/Linux/build/include conftest.c >&5
configure:3250: $? = 0
configure:3263: result: none needed
configure:3288: checking whether gcc understands -c and -o together
configure:3310: gcc -c conftest.c -o conftest2.o
configure:3313: $? = 0
configure:3310: gcc -c conftest.c -o conftest2.o
configure:3313: $? = 0
configure:3325: result: yes
configure:3345: checking whether make supports the include directive
configure:3360: make -f confmf.GNU && cat confinc.out
this is the am__doit target
configure:3363: $? = 0
configure:3382: result: yes (GNU style)
configure:3407: checking dependency style of gcc
configure:3518: result: gcc3
configure:3576: checking for ranlib
configure:3592: found /usr/bin/ranlib
configure:3603: result: ranlib
configure:3678: checking for gfortran
configure:3694: found /usr/local/bin/gfortran
configure:3705: result: gfortran
configure:3731: checking for Fortran compiler version
configure:3740: gfortran --version >&5
GNU Fortran (Homebrew GCC 8.2.0) 8.2.0
Copyright (C) 2018 Free Software Foundation, Inc.
This is free software; see the source for copying conditions.  There is NO
warranty; not even for MERCHANTABILITY or FITNESS FOR A PARTICULAR PURPOSE.

configure:3751: $? = 0
configure:3740: gfortran -v >&5
Using built-in specs.
COLLECT_GCC=gfortran
COLLECT_LTO_WRAPPER=/usr/local/Cellar/gcc/8.2.0/libexec/gcc/x86_64-apple-darwin17.7.0/8.2.0/lto-wrapper
Target: x86_64-apple-darwin17.7.0
Configured with: ../configure --build=x86_64-apple-darwin17.7.0 --prefix=/usr/local/Cellar/gcc/8.2.0 --libdir=/usr/local/Cellar/gcc/8.2.0/lib/gcc/8 --enable-languages=c,c++,objc,obj-c++,fortran --program-suffix=-8 --with-gmp=/usr/local/opt/gmp --with-mpfr=/usr/local/opt/mpfr --with-mpc=/usr/local/opt/libmpc --with-isl=/usr/local/opt/isl --with-system-zlib --enable-checking=release --with-pkgversion='Homebrew GCC 8.2.0' --with-bugurl=https://github.com/Homebrew/homebrew-core/issues --disable-nls
Thread model: posix
gcc version 8.2.0 (Homebrew GCC 8.2.0) 
configure:3751: $? = 0
configure:3740: gfortran -V >&5
gfortran: error: unrecognized command line option '-V'
gfortran: fatal error: no input files
compilation terminated.
configure:3751: $? = 1
configure:3740: gfortran -qversion >&5
gfortran: error: unrecognized command line option '-qversion'; did you mean '--version'?
gfortran: fatal error: no input files
compilation terminated.
configure:3751: $? = 1
configure:3760: checking whether we are using the GNU Fortran compiler
configure:3773: gfortran -c   conftest.F >&5
configure:3773: $? = 0
configure:3782: result: yes
configure:3788: checking whether gfortran accepts -g
configure:3799: gfortran -c -g  conftest.f >&5
configure:3799: $? = 0
configure:3807: result: yes
configure:3846: checking for Fortran flag to compile .f90 files
configure:3866: gfortran -c -g -O2  conftest.f90 >&5
configure:3866: $? = 0
configure:3875: result: none
configure:3901: gfortran -c -g -O2  conftest.f90 >&5
configure:3901: $? = 0
configure:3917: checking for exp in -lm
configure:3942: gcc -o conftest -g -O2 -I/Users/rbc-laptop/Documents/GitHub/MOHID-Lagrangian/ExternalLibs/HDF5_1.8.17_x64/Linux/hdf5/include -I/Users/rbc-laptop/Documents/GitHub/MOHID-Lagrangian/ExternalLibs/zlib-1.2.11/build/include -I/Users/rbc-laptop/Documents/GitHub/MOHID-Lagrangian/ExternalLibs/Netcdf_4.4.1.1/Linux/build/include -L/Users/rbc-laptop/Documents/GitHub/MOHID-Lagrangian/ExternalLibs/HDF5_1.8.17_x64/Linux/hdf5/lib -L/Users/rbc-laptop/Documents/GitHub/MOHID-Lagrangian/ExternalLibs/zlib-1.2.11/build/lib -L/Users/rbc-laptop/Documents/GitHub/MOHID-Lagrangian/ExternalLibs/Netcdf_4.4.1.1/Linux/build/lib conftest.c -lm   >&5
conftest.c:18:6: warning: incompatible redeclaration of library function 'exp' [-Wincompatible-library-redeclaration]
char exp ();
     ^
conftest.c:18:6: note: 'exp' is a builtin with type 'double (double)'
1 warning generated.
configure:3942: $? = 0
configure:3951: result: yes
configure:3969: result: proj4 location: /Users/rbc-laptop/Documents/GitHub/MOHID-Lagrangian/ExternalLibs/Proj4/Linux/proj-4.9.3/build
configure:3975: checking for pj_init in -lproj
configure:4000: gcc -o conftest -g -O2 -I/Users/rbc-laptop/Documents/GitHub/MOHID-Lagrangian/ExternalLibs/HDF5_1.8.17_x64/Linux/hdf5/include -I/Users/rbc-laptop/Documents/GitHub/MOHID-Lagrangian/ExternalLibs/zlib-1.2.11/build/include -I/Users/rbc-laptop/Documents/GitHub/MOHID-Lagrangian/ExternalLibs/Netcdf_4.4.1.1/Linux/build/include -I/Users/rbc-laptop/Documents/GitHub/MOHID-Lagrangian/ExternalLibs/Proj4/Linux/proj-4.9.3/build/include -L/Users/rbc-laptop/Documents/GitHub/MOHID-Lagrangian/ExternalLibs/HDF5_1.8.17_x64/Linux/hdf5/lib -L/Users/rbc-laptop/Documents/GitHub/MOHID-Lagrangian/ExternalLibs/zlib-1.2.11/build/lib -L/Users/rbc-laptop/Documents/GitHub/MOHID-Lagrangian/ExternalLibs/Netcdf_4.4.1.1/Linux/build/lib -L/Users/rbc-laptop/Documents/GitHub/MOHID-Lagrangian/ExternalLibs/Proj4/Linux/proj-4.9.3/build/lib conftest.c -lproj  -lm  >&5
configure:4000: $? = 0
configure:4009: result: yes
configure:4173: checking that generated files are newer than configure
configure:4179: result: done
configure:4202: creating ./config.status

## ---------------------- ##
## Running config.status. ##
## ---------------------- ##

This file was extended by libfproj4 config.status 1.0, which was
generated by GNU Autoconf 2.69.  Invocation command line was

  CONFIG_FILES    = 
  CONFIG_HEADERS  = 
  CONFIG_LINKS    = 
  CONFIG_COMMANDS = 
  $ ./config.status 

on Ricardos-MacBook-Pro.local

config.status:781: creating Makefile
config.status:953: executing depfiles commands
config.status:1030: cd .       && sed -e '/# am--include-marker/d' Makefile         | make -f - am--depfiles
make: Nothing to be done for `am--depfiles'.
config.status:1035: $? = 0

## ---------------- ##
## Cache variables. ##
## ---------------- ##

ac_cv_c_compiler_gnu=yes
ac_cv_env_CC_set=
ac_cv_env_CC_value=
ac_cv_env_CFLAGS_set=
ac_cv_env_CFLAGS_value=
ac_cv_env_CPPFLAGS_set=set
ac_cv_env_CPPFLAGS_value='-I/Users/rbc-laptop/Documents/GitHub/MOHID-Lagrangian/ExternalLibs/HDF5_1.8.17_x64/Linux/hdf5/include -I/Users/rbc-laptop/Documents/GitHub/MOHID-Lagrangian/ExternalLibs/zlib-1.2.11/build/include -I/Users/rbc-laptop/Documents/GitHub/MOHID-Lagrangian/ExternalLibs/Netcdf_4.4.1.1/Linux/build/include'
ac_cv_env_FCFLAGS_set=
ac_cv_env_FCFLAGS_value=
ac_cv_env_FC_set=set
ac_cv_env_FC_value=
ac_cv_env_LDFLAGS_set=set
ac_cv_env_LDFLAGS_value='-L/Users/rbc-laptop/Documents/GitHub/MOHID-Lagrangian/ExternalLibs/HDF5_1.8.17_x64/Linux/hdf5/lib -L/Users/rbc-laptop/Documents/GitHub/MOHID-Lagrangian/ExternalLibs/zlib-1.2.11/build/lib -L/Users/rbc-laptop/Documents/GitHub/MOHID-Lagrangian/ExternalLibs/Netcdf_4.4.1.1/Linux/build/lib'
ac_cv_env_LIBS_set=
ac_cv_env_LIBS_value=
ac_cv_env_build_alias_set=
ac_cv_env_build_alias_value=
ac_cv_env_host_alias_set=
ac_cv_env_host_alias_value=
ac_cv_env_target_alias_set=
ac_cv_env_target_alias_value=
ac_cv_fc_compiler_gnu=yes
ac_cv_fc_srcext_f90=none
ac_cv_lib_m_exp=yes
ac_cv_lib_proj_pj_init=yes
ac_cv_objext=o
ac_cv_path_install='/usr/bin/install -c'
ac_cv_prog_AWK=awk
ac_cv_prog_ac_ct_CC=gcc
ac_cv_prog_ac_ct_FC=gfortran
ac_cv_prog_ac_ct_RANLIB=ranlib
ac_cv_prog_cc_c89=
ac_cv_prog_cc_g=yes
ac_cv_prog_fc_g=yes
ac_cv_prog_make_make_set=yes
am_cv_CC_dependencies_compiler_type=gcc3
am_cv_make_support_nested_variables=yes
am_cv_prog_cc_c_o=yes

## ----------------- ##
## Output variables. ##
## ----------------- ##

ACLOCAL='${SHELL} /Users/rbc-laptop/Documents/GitHub/MOHID-Lagrangian/ExternalLibs/Proj4/Linux/proj4-fortran/missing aclocal-1.16'
AMDEPBACKSLASH='\'
AMDEP_FALSE='#'
AMDEP_TRUE=''
AMTAR='$${TAR-tar}'
AM_BACKSLASH='\'
AM_DEFAULT_V='$(AM_DEFAULT_VERBOSITY)'
AM_DEFAULT_VERBOSITY='1'
AM_V='$(V)'
AUTOCONF='${SHELL} /Users/rbc-laptop/Documents/GitHub/MOHID-Lagrangian/ExternalLibs/Proj4/Linux/proj4-fortran/missing autoconf'
AUTOHEADER='${SHELL} /Users/rbc-laptop/Documents/GitHub/MOHID-Lagrangian/ExternalLibs/Proj4/Linux/proj4-fortran/missing autoheader'
AUTOMAKE='${SHELL} /Users/rbc-laptop/Documents/GitHub/MOHID-Lagrangian/ExternalLibs/Proj4/Linux/proj4-fortran/missing automake-1.16'
AWK='awk'
CC='gcc'
CCDEPMODE='depmode=gcc3'
CFLAGS='-g -O2'
CPPFLAGS='-I/Users/rbc-laptop/Documents/GitHub/MOHID-Lagrangian/ExternalLibs/HDF5_1.8.17_x64/Linux/hdf5/include -I/Users/rbc-laptop/Documents/GitHub/MOHID-Lagrangian/ExternalLibs/zlib-1.2.11/build/include -I/Users/rbc-laptop/Documents/GitHub/MOHID-Lagrangian/ExternalLibs/Netcdf_4.4.1.1/Linux/build/include -I/Users/rbc-laptop/Documents/GitHub/MOHID-Lagrangian/ExternalLibs/Proj4/Linux/proj-4.9.3/build/include'
CYGPATH_W='echo'
DEFS='-DPACKAGE_NAME=\"libfproj4\" -DPACKAGE_TARNAME=\"libfproj4\" -DPACKAGE_VERSION=\"1.0\" -DPACKAGE_STRING=\"libfproj4\ 1.0\" -DPACKAGE_BUGREPORT=\"Magnus.Hagdorn@ed.ac.uk\" -DPACKAGE_URL=\"\" -DPACKAGE=\"libfproj4\" -DVERSION=\"1.0\" -DHAVE_LIBM=1 -DHAVE_LIBPROJ=1'
DEPDIR='.deps'
ECHO_C='\c'
ECHO_N=''
ECHO_T=''
EXEEXT=''
FC='gfortran'
FCFLAGS='-g -O2'
FCFLAGS_f90=''
INSTALL_DATA='${INSTALL} -m 644'
INSTALL_PROGRAM='${INSTALL}'
INSTALL_SCRIPT='${INSTALL}'
INSTALL_STRIP_PROGRAM='$(install_sh) -c -s'
LDFLAGS='-L/Users/rbc-laptop/Documents/GitHub/MOHID-Lagrangian/ExternalLibs/HDF5_1.8.17_x64/Linux/hdf5/lib -L/Users/rbc-laptop/Documents/GitHub/MOHID-Lagrangian/ExternalLibs/zlib-1.2.11/build/lib -L/Users/rbc-laptop/Documents/GitHub/MOHID-Lagrangian/ExternalLibs/Netcdf_4.4.1.1/Linux/build/lib -L/Users/rbc-laptop/Documents/GitHub/MOHID-Lagrangian/ExternalLibs/Proj4/Linux/proj-4.9.3/build/lib'
LIBOBJS=''
LIBS='-lproj -lm '
LTLIBOBJS=''
MAKEINFO='${SHELL} /Users/rbc-laptop/Documents/GitHub/MOHID-Lagrangian/ExternalLibs/Proj4/Linux/proj4-fortran/missing makeinfo'
MKDIR_P='./install-sh -c -d'
OBJEXT='o'
PACKAGE='libfproj4'
PACKAGE_BUGREPORT='Magnus.Hagdorn@ed.ac.uk'
PACKAGE_NAME='libfproj4'
PACKAGE_STRING='libfproj4 1.0'
PACKAGE_TARNAME='libfproj4'
PACKAGE_URL=''
PACKAGE_VERSION='1.0'
PATH_SEPARATOR=':'
RANLIB='ranlib'
SET_MAKE=''
SHELL='/bin/sh'
STRIP=''
VERSION='1.0'
ac_ct_CC='gcc'
ac_ct_FC='gfortran'
am__EXEEXT_FALSE=''
am__EXEEXT_TRUE='#'
am__fastdepCC_FALSE='#'
am__fastdepCC_TRUE=''
am__include='include'
am__isrc=''
am__leading_dot='.'
am__nodep='_no'
am__quote=''
am__tar='$${TAR-tar} chof - "$$tardir"'
am__untar='$${TAR-tar} xf -'
bindir='${exec_prefix}/bin'
build_alias=''
datadir='${datarootdir}'
datarootdir='${prefix}/share'
docdir='${datarootdir}/doc/${PACKAGE_TARNAME}'
dvidir='${docdir}'
exec_prefix='${prefix}'
host_alias=''
htmldir='${docdir}'
includedir='${prefix}/include'
infodir='${datarootdir}/info'
install_sh='${SHELL} /Users/rbc-laptop/Documents/GitHub/MOHID-Lagrangian/ExternalLibs/Proj4/Linux/proj4-fortran/install-sh'
libdir='${exec_prefix}/lib'
libexecdir='${exec_prefix}/libexec'
localedir='${datarootdir}/locale'
localstatedir='${prefix}/var'
mandir='${datarootdir}/man'
mkdir_p='$(MKDIR_P)'
oldincludedir='/usr/include'
pdfdir='${docdir}'
prefix='/Users/rbc-laptop/Documents/GitHub/MOHID-Lagrangian/ExternalLibs/Proj4/Linux/proj4-fortran/build'
program_transform_name='s,x,x,'
psdir='${docdir}'
sbindir='${exec_prefix}/sbin'
sharedstatedir='${prefix}/com'
sysconfdir='${prefix}/etc'
target_alias=''

## ----------- ##
## confdefs.h. ##
## ----------- ##

/* confdefs.h */
#define PACKAGE_NAME "libfproj4"
#define PACKAGE_TARNAME "libfproj4"
#define PACKAGE_VERSION "1.0"
#define PACKAGE_STRING "libfproj4 1.0"
#define PACKAGE_BUGREPORT "Magnus.Hagdorn@ed.ac.uk"
#define PACKAGE_URL ""
#define PACKAGE "libfproj4"
#define VERSION "1.0"
#define HAVE_LIBM 1
#define HAVE_LIBPROJ 1

configure: exit 0
