The system is: Linux - 4.9.0-7-amd64 - x86_64
Compiling the C compiler identification source file "CMakeCCompilerId.c" succeeded.
Compiler: /usr/bin/cc 
Build flags: 
Id flags:  

The output was:
0


Compilation of the C compiler identification source "CMakeCCompilerId.c" produced "a.out"

The C compiler identification is GNU, found in "/home/daniel/FLORIAN/PROYECTOS/MOHID/Libraries/netcdf-c-4.6.1/CMakeFiles/3.12.2/CompilerIdC/a.out"

Determining if the C compiler works passed with the following output:
Change Dir: /home/daniel/FLORIAN/PROYECTOS/MOHID/Libraries/netcdf-c-4.6.1/CMakeFiles/CMakeTmp

Run Build Command:"/usr/bin/make" "cmTC_f5199/fast"
/usr/bin/make -f CMakeFiles/cmTC_f5199.dir/build.make CMakeFiles/cmTC_f5199.dir/build
make[1]: se entra en el directorio '/home/daniel/FLORIAN/PROYECTOS/MOHID/Libraries/netcdf-c-4.6.1/CMakeFiles/CMakeTmp'
Building C object CMakeFiles/cmTC_f5199.dir/testCCompiler.c.o
/usr/bin/cc    -o CMakeFiles/cmTC_f5199.dir/testCCompiler.c.o   -c /home/daniel/FLORIAN/PROYECTOS/MOHID/Libraries/netcdf-c-4.6.1/CMakeFiles/CMakeTmp/testCCompiler.c
Linking C executable cmTC_f5199
/home/daniel/Descargas/cmake-3.12.2/bin/cmake -E cmake_link_script CMakeFiles/cmTC_f5199.dir/link.txt --verbose=1
/usr/bin/cc      CMakeFiles/cmTC_f5199.dir/testCCompiler.c.o  -o cmTC_f5199 
make[1]: se sale del directorio '/home/daniel/FLORIAN/PROYECTOS/MOHID/Libraries/netcdf-c-4.6.1/CMakeFiles/CMakeTmp'


Detecting C compiler ABI info compiled with the following output:
Change Dir: /home/daniel/FLORIAN/PROYECTOS/MOHID/Libraries/netcdf-c-4.6.1/CMakeFiles/CMakeTmp

Run Build Command:"/usr/bin/make" "cmTC_bb2b5/fast"
/usr/bin/make -f CMakeFiles/cmTC_bb2b5.dir/build.make CMakeFiles/cmTC_bb2b5.dir/build
make[1]: se entra en el directorio '/home/daniel/FLORIAN/PROYECTOS/MOHID/Libraries/netcdf-c-4.6.1/CMakeFiles/CMakeTmp'
Building C object CMakeFiles/cmTC_bb2b5.dir/CMakeCCompilerABI.c.o
/usr/bin/cc    -o CMakeFiles/cmTC_bb2b5.dir/CMakeCCompilerABI.c.o   -c /home/daniel/Descargas/cmake-3.12.2/Modules/CMakeCCompilerABI.c
Linking C executable cmTC_bb2b5
/home/daniel/Descargas/cmake-3.12.2/bin/cmake -E cmake_link_script CMakeFiles/cmTC_bb2b5.dir/link.txt --verbose=1
/usr/bin/cc     -v CMakeFiles/cmTC_bb2b5.dir/CMakeCCompilerABI.c.o  -o cmTC_bb2b5 
Using built-in specs.
COLLECT_GCC=/usr/bin/cc
COLLECT_LTO_WRAPPER=/usr/lib/gcc/x86_64-linux-gnu/6/lto-wrapper
Target: x86_64-linux-gnu
Configured with: ../src/configure -v --with-pkgversion='Debian 6.3.0-18+deb9u1' --with-bugurl=file:///usr/share/doc/gcc-6/README.Bugs --enable-languages=c,ada,c++,java,go,d,fortran,objc,obj-c++ --prefix=/usr --program-suffix=-6 --program-prefix=x86_64-linux-gnu- --enable-shared --enable-linker-build-id --libexecdir=/usr/lib --without-included-gettext --enable-threads=posix --libdir=/usr/lib --enable-nls --with-sysroot=/ --enable-clocale=gnu --enable-libstdcxx-debug --enable-libstdcxx-time=yes --with-default-libstdcxx-abi=new --enable-gnu-unique-object --disable-vtable-verify --enable-libmpx --enable-plugin --enable-default-pie --with-system-zlib --disable-browser-plugin --enable-java-awt=gtk --enable-gtk-cairo --with-java-home=/usr/lib/jvm/java-1.5.0-gcj-6-amd64/jre --enable-java-home --with-jvm-root-dir=/usr/lib/jvm/java-1.5.0-gcj-6-amd64 --with-jvm-jar-dir=/usr/lib/jvm-exports/java-1.5.0-gcj-6-amd64 --with-arch-directory=amd64 --with-ecj-jar=/usr/share/java/eclipse-ecj.jar --with-target-system-zlib --enable-objc-gc=auto --enable-multiarch --with-arch-32=i686 --with-abi=m64 --with-multilib-list=m32,m64,mx32 --enable-multilib --with-tune=generic --enable-checking=release --build=x86_64-linux-gnu --host=x86_64-linux-gnu --target=x86_64-linux-gnu
Thread model: posix
gcc version 6.3.0 20170516 (Debian 6.3.0-18+deb9u1) 
COMPILER_PATH=/usr/lib/gcc/x86_64-linux-gnu/6/:/usr/lib/gcc/x86_64-linux-gnu/6/:/usr/lib/gcc/x86_64-linux-gnu/:/usr/lib/gcc/x86_64-linux-gnu/6/:/usr/lib/gcc/x86_64-linux-gnu/
LIBRARY_PATH=/usr/lib/gcc/x86_64-linux-gnu/6/:/usr/lib/gcc/x86_64-linux-gnu/6/../../../x86_64-linux-gnu/:/usr/lib/gcc/x86_64-linux-gnu/6/../../../../lib/:/lib/x86_64-linux-gnu/:/lib/../lib/:/usr/lib/x86_64-linux-gnu/:/usr/lib/../lib/:/usr/lib/gcc/x86_64-linux-gnu/6/../../../:/lib/:/usr/lib/
COLLECT_GCC_OPTIONS='-v' '-o' 'cmTC_bb2b5' '-mtune=generic' '-march=x86-64'
 /usr/lib/gcc/x86_64-linux-gnu/6/collect2 -plugin /usr/lib/gcc/x86_64-linux-gnu/6/liblto_plugin.so -plugin-opt=/usr/lib/gcc/x86_64-linux-gnu/6/lto-wrapper -plugin-opt=-fresolution=/tmp/ccTR4HSC.res -plugin-opt=-pass-through=-lgcc -plugin-opt=-pass-through=-lgcc_s -plugin-opt=-pass-through=-lc -plugin-opt=-pass-through=-lgcc -plugin-opt=-pass-through=-lgcc_s --sysroot=/ --build-id --eh-frame-hdr -m elf_x86_64 --hash-style=gnu -dynamic-linker /lib64/ld-linux-x86-64.so.2 -pie -o cmTC_bb2b5 /usr/lib/gcc/x86_64-linux-gnu/6/../../../x86_64-linux-gnu/Scrt1.o /usr/lib/gcc/x86_64-linux-gnu/6/../../../x86_64-linux-gnu/crti.o /usr/lib/gcc/x86_64-linux-gnu/6/crtbeginS.o -L/usr/lib/gcc/x86_64-linux-gnu/6 -L/usr/lib/gcc/x86_64-linux-gnu/6/../../../x86_64-linux-gnu -L/usr/lib/gcc/x86_64-linux-gnu/6/../../../../lib -L/lib/x86_64-linux-gnu -L/lib/../lib -L/usr/lib/x86_64-linux-gnu -L/usr/lib/../lib -L/usr/lib/gcc/x86_64-linux-gnu/6/../../.. CMakeFiles/cmTC_bb2b5.dir/CMakeCCompilerABI.c.o -lgcc --as-needed -lgcc_s --no-as-needed -lc -lgcc --as-needed -lgcc_s --no-as-needed /usr/lib/gcc/x86_64-linux-gnu/6/crtendS.o /usr/lib/gcc/x86_64-linux-gnu/6/../../../x86_64-linux-gnu/crtn.o
COLLECT_GCC_OPTIONS='-v' '-o' 'cmTC_bb2b5' '-mtune=generic' '-march=x86-64'
make[1]: se sale del directorio '/home/daniel/FLORIAN/PROYECTOS/MOHID/Libraries/netcdf-c-4.6.1/CMakeFiles/CMakeTmp'


Parsed C implicit link information from above output:
  link line regex: [^( *|.*[/\])(ld|CMAKE_LINK_STARTFILE-NOTFOUND|([^/\]+-)?ld|collect2)[^/\]*( |$)]
  ignore line: [Change Dir: /home/daniel/FLORIAN/PROYECTOS/MOHID/Libraries/netcdf-c-4.6.1/CMakeFiles/CMakeTmp]
  ignore line: []
  ignore line: [Run Build Command:"/usr/bin/make" "cmTC_bb2b5/fast"]
  ignore line: [/usr/bin/make -f CMakeFiles/cmTC_bb2b5.dir/build.make CMakeFiles/cmTC_bb2b5.dir/build]
  ignore line: [make[1]: se entra en el directorio '/home/daniel/FLORIAN/PROYECTOS/MOHID/Libraries/netcdf-c-4.6.1/CMakeFiles/CMakeTmp']
  ignore line: [Building C object CMakeFiles/cmTC_bb2b5.dir/CMakeCCompilerABI.c.o]
  ignore line: [/usr/bin/cc    -o CMakeFiles/cmTC_bb2b5.dir/CMakeCCompilerABI.c.o   -c /home/daniel/Descargas/cmake-3.12.2/Modules/CMakeCCompilerABI.c]
  ignore line: [Linking C executable cmTC_bb2b5]
  ignore line: [/home/daniel/Descargas/cmake-3.12.2/bin/cmake -E cmake_link_script CMakeFiles/cmTC_bb2b5.dir/link.txt --verbose=1]
  ignore line: [/usr/bin/cc     -v CMakeFiles/cmTC_bb2b5.dir/CMakeCCompilerABI.c.o  -o cmTC_bb2b5 ]
  ignore line: [Using built-in specs.]
  ignore line: [COLLECT_GCC=/usr/bin/cc]
  ignore line: [COLLECT_LTO_WRAPPER=/usr/lib/gcc/x86_64-linux-gnu/6/lto-wrapper]
  ignore line: [Target: x86_64-linux-gnu]
  ignore line: [Configured with: ../src/configure -v --with-pkgversion='Debian 6.3.0-18+deb9u1' --with-bugurl=file:///usr/share/doc/gcc-6/README.Bugs --enable-languages=c,ada,c++,java,go,d,fortran,objc,obj-c++ --prefix=/usr --program-suffix=-6 --program-prefix=x86_64-linux-gnu- --enable-shared --enable-linker-build-id --libexecdir=/usr/lib --without-included-gettext --enable-threads=posix --libdir=/usr/lib --enable-nls --with-sysroot=/ --enable-clocale=gnu --enable-libstdcxx-debug --enable-libstdcxx-time=yes --with-default-libstdcxx-abi=new --enable-gnu-unique-object --disable-vtable-verify --enable-libmpx --enable-plugin --enable-default-pie --with-system-zlib --disable-browser-plugin --enable-java-awt=gtk --enable-gtk-cairo --with-java-home=/usr/lib/jvm/java-1.5.0-gcj-6-amd64/jre --enable-java-home --with-jvm-root-dir=/usr/lib/jvm/java-1.5.0-gcj-6-amd64 --with-jvm-jar-dir=/usr/lib/jvm-exports/java-1.5.0-gcj-6-amd64 --with-arch-directory=amd64 --with-ecj-jar=/usr/share/java/eclipse-ecj.jar --with-target-system-zlib --enable-objc-gc=auto --enable-multiarch --with-arch-32=i686 --with-abi=m64 --with-multilib-list=m32,m64,mx32 --enable-multilib --with-tune=generic --enable-checking=release --build=x86_64-linux-gnu --host=x86_64-linux-gnu --target=x86_64-linux-gnu]
  ignore line: [Thread model: posix]
  ignore line: [gcc version 6.3.0 20170516 (Debian 6.3.0-18+deb9u1) ]
  ignore line: [COMPILER_PATH=/usr/lib/gcc/x86_64-linux-gnu/6/:/usr/lib/gcc/x86_64-linux-gnu/6/:/usr/lib/gcc/x86_64-linux-gnu/:/usr/lib/gcc/x86_64-linux-gnu/6/:/usr/lib/gcc/x86_64-linux-gnu/]
  ignore line: [LIBRARY_PATH=/usr/lib/gcc/x86_64-linux-gnu/6/:/usr/lib/gcc/x86_64-linux-gnu/6/../../../x86_64-linux-gnu/:/usr/lib/gcc/x86_64-linux-gnu/6/../../../../lib/:/lib/x86_64-linux-gnu/:/lib/../lib/:/usr/lib/x86_64-linux-gnu/:/usr/lib/../lib/:/usr/lib/gcc/x86_64-linux-gnu/6/../../../:/lib/:/usr/lib/]
  ignore line: [COLLECT_GCC_OPTIONS='-v' '-o' 'cmTC_bb2b5' '-mtune=generic' '-march=x86-64']
  link line: [ /usr/lib/gcc/x86_64-linux-gnu/6/collect2 -plugin /usr/lib/gcc/x86_64-linux-gnu/6/liblto_plugin.so -plugin-opt=/usr/lib/gcc/x86_64-linux-gnu/6/lto-wrapper -plugin-opt=-fresolution=/tmp/ccTR4HSC.res -plugin-opt=-pass-through=-lgcc -plugin-opt=-pass-through=-lgcc_s -plugin-opt=-pass-through=-lc -plugin-opt=-pass-through=-lgcc -plugin-opt=-pass-through=-lgcc_s --sysroot=/ --build-id --eh-frame-hdr -m elf_x86_64 --hash-style=gnu -dynamic-linker /lib64/ld-linux-x86-64.so.2 -pie -o cmTC_bb2b5 /usr/lib/gcc/x86_64-linux-gnu/6/../../../x86_64-linux-gnu/Scrt1.o /usr/lib/gcc/x86_64-linux-gnu/6/../../../x86_64-linux-gnu/crti.o /usr/lib/gcc/x86_64-linux-gnu/6/crtbeginS.o -L/usr/lib/gcc/x86_64-linux-gnu/6 -L/usr/lib/gcc/x86_64-linux-gnu/6/../../../x86_64-linux-gnu -L/usr/lib/gcc/x86_64-linux-gnu/6/../../../../lib -L/lib/x86_64-linux-gnu -L/lib/../lib -L/usr/lib/x86_64-linux-gnu -L/usr/lib/../lib -L/usr/lib/gcc/x86_64-linux-gnu/6/../../.. CMakeFiles/cmTC_bb2b5.dir/CMakeCCompilerABI.c.o -lgcc --as-needed -lgcc_s --no-as-needed -lc -lgcc --as-needed -lgcc_s --no-as-needed /usr/lib/gcc/x86_64-linux-gnu/6/crtendS.o /usr/lib/gcc/x86_64-linux-gnu/6/../../../x86_64-linux-gnu/crtn.o]
    arg [/usr/lib/gcc/x86_64-linux-gnu/6/collect2] ==> ignore
    arg [-plugin] ==> ignore
    arg [/usr/lib/gcc/x86_64-linux-gnu/6/liblto_plugin.so] ==> ignore
    arg [-plugin-opt=/usr/lib/gcc/x86_64-linux-gnu/6/lto-wrapper] ==> ignore
    arg [-plugin-opt=-fresolution=/tmp/ccTR4HSC.res] ==> ignore
    arg [-plugin-opt=-pass-through=-lgcc] ==> ignore
    arg [-plugin-opt=-pass-through=-lgcc_s] ==> ignore
    arg [-plugin-opt=-pass-through=-lc] ==> ignore
    arg [-plugin-opt=-pass-through=-lgcc] ==> ignore
    arg [-plugin-opt=-pass-through=-lgcc_s] ==> ignore
    arg [--sysroot=/] ==> ignore
    arg [--build-id] ==> ignore
    arg [--eh-frame-hdr] ==> ignore
    arg [-m] ==> ignore
    arg [elf_x86_64] ==> ignore
    arg [--hash-style=gnu] ==> ignore
    arg [-dynamic-linker] ==> ignore
    arg [/lib64/ld-linux-x86-64.so.2] ==> ignore
    arg [-pie] ==> ignore
    arg [-o] ==> ignore
    arg [cmTC_bb2b5] ==> ignore
    arg [/usr/lib/gcc/x86_64-linux-gnu/6/../../../x86_64-linux-gnu/Scrt1.o] ==> ignore
    arg [/usr/lib/gcc/x86_64-linux-gnu/6/../../../x86_64-linux-gnu/crti.o] ==> ignore
    arg [/usr/lib/gcc/x86_64-linux-gnu/6/crtbeginS.o] ==> ignore
    arg [-L/usr/lib/gcc/x86_64-linux-gnu/6] ==> dir [/usr/lib/gcc/x86_64-linux-gnu/6]
    arg [-L/usr/lib/gcc/x86_64-linux-gnu/6/../../../x86_64-linux-gnu] ==> dir [/usr/lib/gcc/x86_64-linux-gnu/6/../../../x86_64-linux-gnu]
    arg [-L/usr/lib/gcc/x86_64-linux-gnu/6/../../../../lib] ==> dir [/usr/lib/gcc/x86_64-linux-gnu/6/../../../../lib]
    arg [-L/lib/x86_64-linux-gnu] ==> dir [/lib/x86_64-linux-gnu]
    arg [-L/lib/../lib] ==> dir [/lib/../lib]
    arg [-L/usr/lib/x86_64-linux-gnu] ==> dir [/usr/lib/x86_64-linux-gnu]
    arg [-L/usr/lib/../lib] ==> dir [/usr/lib/../lib]
    arg [-L/usr/lib/gcc/x86_64-linux-gnu/6/../../..] ==> dir [/usr/lib/gcc/x86_64-linux-gnu/6/../../..]
    arg [CMakeFiles/cmTC_bb2b5.dir/CMakeCCompilerABI.c.o] ==> ignore
    arg [-lgcc] ==> lib [gcc]
    arg [--as-needed] ==> ignore
    arg [-lgcc_s] ==> lib [gcc_s]
    arg [--no-as-needed] ==> ignore
    arg [-lc] ==> lib [c]
    arg [-lgcc] ==> lib [gcc]
    arg [--as-needed] ==> ignore
    arg [-lgcc_s] ==> lib [gcc_s]
    arg [--no-as-needed] ==> ignore
    arg [/usr/lib/gcc/x86_64-linux-gnu/6/crtendS.o] ==> ignore
    arg [/usr/lib/gcc/x86_64-linux-gnu/6/../../../x86_64-linux-gnu/crtn.o] ==> ignore
  collapse library dir [/usr/lib/gcc/x86_64-linux-gnu/6] ==> [/usr/lib/gcc/x86_64-linux-gnu/6]
  collapse library dir [/usr/lib/gcc/x86_64-linux-gnu/6/../../../x86_64-linux-gnu] ==> [/usr/lib/x86_64-linux-gnu]
  collapse library dir [/usr/lib/gcc/x86_64-linux-gnu/6/../../../../lib] ==> [/usr/lib]
  collapse library dir [/lib/x86_64-linux-gnu] ==> [/lib/x86_64-linux-gnu]
  collapse library dir [/lib/../lib] ==> [/lib]
  collapse library dir [/usr/lib/x86_64-linux-gnu] ==> [/usr/lib/x86_64-linux-gnu]
  collapse library dir [/usr/lib/../lib] ==> [/usr/lib]
  collapse library dir [/usr/lib/gcc/x86_64-linux-gnu/6/../../..] ==> [/usr/lib]
  implicit libs: [gcc;gcc_s;c;gcc;gcc_s]
  implicit dirs: [/usr/lib/gcc/x86_64-linux-gnu/6;/usr/lib/x86_64-linux-gnu;/usr/lib;/lib/x86_64-linux-gnu;/lib]
  implicit fwks: []




Detecting C [-std=c11] compiler features compiled with the following output:
Change Dir: /home/daniel/FLORIAN/PROYECTOS/MOHID/Libraries/netcdf-c-4.6.1/CMakeFiles/CMakeTmp

Run Build Command:"/usr/bin/make" "cmTC_3e35b/fast"
/usr/bin/make -f CMakeFiles/cmTC_3e35b.dir/build.make CMakeFiles/cmTC_3e35b.dir/build
make[1]: se entra en el directorio '/home/daniel/FLORIAN/PROYECTOS/MOHID/Libraries/netcdf-c-4.6.1/CMakeFiles/CMakeTmp'
Building C object CMakeFiles/cmTC_3e35b.dir/feature_tests.c.o
/usr/bin/cc   -std=c11 -o CMakeFiles/cmTC_3e35b.dir/feature_tests.c.o   -c /home/daniel/FLORIAN/PROYECTOS/MOHID/Libraries/netcdf-c-4.6.1/CMakeFiles/feature_tests.c
Linking C executable cmTC_3e35b
/home/daniel/Descargas/cmake-3.12.2/bin/cmake -E cmake_link_script CMakeFiles/cmTC_3e35b.dir/link.txt --verbose=1
/usr/bin/cc      CMakeFiles/cmTC_3e35b.dir/feature_tests.c.o  -o cmTC_3e35b 
make[1]: se sale del directorio '/home/daniel/FLORIAN/PROYECTOS/MOHID/Libraries/netcdf-c-4.6.1/CMakeFiles/CMakeTmp'


    Feature record: C_FEATURE:1c_function_prototypes
    Feature record: C_FEATURE:1c_restrict
    Feature record: C_FEATURE:1c_static_assert
    Feature record: C_FEATURE:1c_variadic_macros


Detecting C [-std=c99] compiler features compiled with the following output:
Change Dir: /home/daniel/FLORIAN/PROYECTOS/MOHID/Libraries/netcdf-c-4.6.1/CMakeFiles/CMakeTmp

Run Build Command:"/usr/bin/make" "cmTC_a24b3/fast"
/usr/bin/make -f CMakeFiles/cmTC_a24b3.dir/build.make CMakeFiles/cmTC_a24b3.dir/build
make[1]: se entra en el directorio '/home/daniel/FLORIAN/PROYECTOS/MOHID/Libraries/netcdf-c-4.6.1/CMakeFiles/CMakeTmp'
Building C object CMakeFiles/cmTC_a24b3.dir/feature_tests.c.o
/usr/bin/cc   -std=c99 -o CMakeFiles/cmTC_a24b3.dir/feature_tests.c.o   -c /home/daniel/FLORIAN/PROYECTOS/MOHID/Libraries/netcdf-c-4.6.1/CMakeFiles/feature_tests.c
Linking C executable cmTC_a24b3
/home/daniel/Descargas/cmake-3.12.2/bin/cmake -E cmake_link_script CMakeFiles/cmTC_a24b3.dir/link.txt --verbose=1
/usr/bin/cc      CMakeFiles/cmTC_a24b3.dir/feature_tests.c.o  -o cmTC_a24b3 
make[1]: se sale del directorio '/home/daniel/FLORIAN/PROYECTOS/MOHID/Libraries/netcdf-c-4.6.1/CMakeFiles/CMakeTmp'


    Feature record: C_FEATURE:1c_function_prototypes
    Feature record: C_FEATURE:1c_restrict
    Feature record: C_FEATURE:0c_static_assert
    Feature record: C_FEATURE:1c_variadic_macros


Detecting C [-std=c90] compiler features compiled with the following output:
Change Dir: /home/daniel/FLORIAN/PROYECTOS/MOHID/Libraries/netcdf-c-4.6.1/CMakeFiles/CMakeTmp

Run Build Command:"/usr/bin/make" "cmTC_abad0/fast"
/usr/bin/make -f CMakeFiles/cmTC_abad0.dir/build.make CMakeFiles/cmTC_abad0.dir/build
make[1]: se entra en el directorio '/home/daniel/FLORIAN/PROYECTOS/MOHID/Libraries/netcdf-c-4.6.1/CMakeFiles/CMakeTmp'
Building C object CMakeFiles/cmTC_abad0.dir/feature_tests.c.o
/usr/bin/cc   -std=c90 -o CMakeFiles/cmTC_abad0.dir/feature_tests.c.o   -c /home/daniel/FLORIAN/PROYECTOS/MOHID/Libraries/netcdf-c-4.6.1/CMakeFiles/feature_tests.c
Linking C executable cmTC_abad0
/home/daniel/Descargas/cmake-3.12.2/bin/cmake -E cmake_link_script CMakeFiles/cmTC_abad0.dir/link.txt --verbose=1
/usr/bin/cc      CMakeFiles/cmTC_abad0.dir/feature_tests.c.o  -o cmTC_abad0 
make[1]: se sale del directorio '/home/daniel/FLORIAN/PROYECTOS/MOHID/Libraries/netcdf-c-4.6.1/CMakeFiles/CMakeTmp'


    Feature record: C_FEATURE:1c_function_prototypes
    Feature record: C_FEATURE:0c_restrict
    Feature record: C_FEATURE:0c_static_assert
    Feature record: C_FEATURE:0c_variadic_macros
Determining if the include file sys/types.h exists passed with the following output:
Change Dir: /home/daniel/FLORIAN/PROYECTOS/MOHID/Libraries/netcdf-c-4.6.1/CMakeFiles/CMakeTmp

Run Build Command:"/usr/bin/make" "cmTC_4d8f5/fast"
/usr/bin/make -f CMakeFiles/cmTC_4d8f5.dir/build.make CMakeFiles/cmTC_4d8f5.dir/build
make[1]: se entra en el directorio '/home/daniel/FLORIAN/PROYECTOS/MOHID/Libraries/netcdf-c-4.6.1/CMakeFiles/CMakeTmp'
Building C object CMakeFiles/cmTC_4d8f5.dir/CheckIncludeFile.c.o
/usr/bin/cc    -o CMakeFiles/cmTC_4d8f5.dir/CheckIncludeFile.c.o   -c /home/daniel/FLORIAN/PROYECTOS/MOHID/Libraries/netcdf-c-4.6.1/CMakeFiles/CMakeTmp/CheckIncludeFile.c
Linking C executable cmTC_4d8f5
/home/daniel/Descargas/cmake-3.12.2/bin/cmake -E cmake_link_script CMakeFiles/cmTC_4d8f5.dir/link.txt --verbose=1
/usr/bin/cc      CMakeFiles/cmTC_4d8f5.dir/CheckIncludeFile.c.o  -o cmTC_4d8f5 
make[1]: se sale del directorio '/home/daniel/FLORIAN/PROYECTOS/MOHID/Libraries/netcdf-c-4.6.1/CMakeFiles/CMakeTmp'


Determining if the include file stdint.h exists passed with the following output:
Change Dir: /home/daniel/FLORIAN/PROYECTOS/MOHID/Libraries/netcdf-c-4.6.1/CMakeFiles/CMakeTmp

Run Build Command:"/usr/bin/make" "cmTC_e20b8/fast"
/usr/bin/make -f CMakeFiles/cmTC_e20b8.dir/build.make CMakeFiles/cmTC_e20b8.dir/build
make[1]: se entra en el directorio '/home/daniel/FLORIAN/PROYECTOS/MOHID/Libraries/netcdf-c-4.6.1/CMakeFiles/CMakeTmp'
Building C object CMakeFiles/cmTC_e20b8.dir/CheckIncludeFile.c.o
/usr/bin/cc    -o CMakeFiles/cmTC_e20b8.dir/CheckIncludeFile.c.o   -c /home/daniel/FLORIAN/PROYECTOS/MOHID/Libraries/netcdf-c-4.6.1/CMakeFiles/CMakeTmp/CheckIncludeFile.c
Linking C executable cmTC_e20b8
/home/daniel/Descargas/cmake-3.12.2/bin/cmake -E cmake_link_script CMakeFiles/cmTC_e20b8.dir/link.txt --verbose=1
/usr/bin/cc      CMakeFiles/cmTC_e20b8.dir/CheckIncludeFile.c.o  -o cmTC_e20b8 
make[1]: se sale del directorio '/home/daniel/FLORIAN/PROYECTOS/MOHID/Libraries/netcdf-c-4.6.1/CMakeFiles/CMakeTmp'


Determining if the include file stddef.h exists passed with the following output:
Change Dir: /home/daniel/FLORIAN/PROYECTOS/MOHID/Libraries/netcdf-c-4.6.1/CMakeFiles/CMakeTmp

Run Build Command:"/usr/bin/make" "cmTC_fbfb4/fast"
/usr/bin/make -f CMakeFiles/cmTC_fbfb4.dir/build.make CMakeFiles/cmTC_fbfb4.dir/build
make[1]: se entra en el directorio '/home/daniel/FLORIAN/PROYECTOS/MOHID/Libraries/netcdf-c-4.6.1/CMakeFiles/CMakeTmp'
Building C object CMakeFiles/cmTC_fbfb4.dir/CheckIncludeFile.c.o
/usr/bin/cc    -o CMakeFiles/cmTC_fbfb4.dir/CheckIncludeFile.c.o   -c /home/daniel/FLORIAN/PROYECTOS/MOHID/Libraries/netcdf-c-4.6.1/CMakeFiles/CMakeTmp/CheckIncludeFile.c
Linking C executable cmTC_fbfb4
/home/daniel/Descargas/cmake-3.12.2/bin/cmake -E cmake_link_script CMakeFiles/cmTC_fbfb4.dir/link.txt --verbose=1
/usr/bin/cc      CMakeFiles/cmTC_fbfb4.dir/CheckIncludeFile.c.o  -o cmTC_fbfb4 
make[1]: se sale del directorio '/home/daniel/FLORIAN/PROYECTOS/MOHID/Libraries/netcdf-c-4.6.1/CMakeFiles/CMakeTmp'


Determining size of unsigned short passed with the following output:
Change Dir: /home/daniel/FLORIAN/PROYECTOS/MOHID/Libraries/netcdf-c-4.6.1/CMakeFiles/CMakeTmp

Run Build Command:"/usr/bin/make" "cmTC_a2111/fast"
/usr/bin/make -f CMakeFiles/cmTC_a2111.dir/build.make CMakeFiles/cmTC_a2111.dir/build
make[1]: se entra en el directorio '/home/daniel/FLORIAN/PROYECTOS/MOHID/Libraries/netcdf-c-4.6.1/CMakeFiles/CMakeTmp'
Building C object CMakeFiles/cmTC_a2111.dir/CMAKE_SIZEOF_UNSIGNED_SHORT.c.o
/usr/bin/cc    -o CMakeFiles/cmTC_a2111.dir/CMAKE_SIZEOF_UNSIGNED_SHORT.c.o   -c /home/daniel/FLORIAN/PROYECTOS/MOHID/Libraries/netcdf-c-4.6.1/CMakeFiles/CheckTypeSize/CMAKE_SIZEOF_UNSIGNED_SHORT.c
Linking C executable cmTC_a2111
/home/daniel/Descargas/cmake-3.12.2/bin/cmake -E cmake_link_script CMakeFiles/cmTC_a2111.dir/link.txt --verbose=1
/usr/bin/cc      CMakeFiles/cmTC_a2111.dir/CMAKE_SIZEOF_UNSIGNED_SHORT.c.o  -o cmTC_a2111 
make[1]: se sale del directorio '/home/daniel/FLORIAN/PROYECTOS/MOHID/Libraries/netcdf-c-4.6.1/CMakeFiles/CMakeTmp'


Determining if the system is big endian passed with the following output:
Change Dir: /home/daniel/FLORIAN/PROYECTOS/MOHID/Libraries/netcdf-c-4.6.1/CMakeFiles/CMakeTmp

Run Build Command:"/usr/bin/make" "cmTC_6e2cc/fast"
/usr/bin/make -f CMakeFiles/cmTC_6e2cc.dir/build.make CMakeFiles/cmTC_6e2cc.dir/build
make[1]: se entra en el directorio '/home/daniel/FLORIAN/PROYECTOS/MOHID/Libraries/netcdf-c-4.6.1/CMakeFiles/CMakeTmp'
Building C object CMakeFiles/cmTC_6e2cc.dir/TestEndianess.c.o
/usr/bin/cc    -o CMakeFiles/cmTC_6e2cc.dir/TestEndianess.c.o   -c /home/daniel/FLORIAN/PROYECTOS/MOHID/Libraries/netcdf-c-4.6.1/CMakeFiles/CMakeTmp/TestEndianess.c
Linking C executable cmTC_6e2cc
/home/daniel/Descargas/cmake-3.12.2/bin/cmake -E cmake_link_script CMakeFiles/cmTC_6e2cc.dir/link.txt --verbose=1
/usr/bin/cc      CMakeFiles/cmTC_6e2cc.dir/TestEndianess.c.o  -o cmTC_6e2cc 
make[1]: se sale del directorio '/home/daniel/FLORIAN/PROYECTOS/MOHID/Libraries/netcdf-c-4.6.1/CMakeFiles/CMakeTmp'

TestEndianess.c:
/* A 16 bit integer is required. */
typedef unsigned short cmakeint16;

/* On a little endian machine, these 16bit ints will give "THIS IS LITTLE ENDIAN."
   On a big endian machine the characters will be exchanged pairwise. */
const cmakeint16 info_little[] =  {0x4854, 0x5349, 0x4920, 0x2053, 0x494c, 0x5454, 0x454c, 0x4520, 0x444e, 0x4149, 0x2e4e, 0x0000};

/* on a big endian machine, these 16bit ints will give "THIS IS BIG ENDIAN."
   On a little endian machine the characters will be exchanged pairwise. */
const cmakeint16 info_big[] =     {0x5448, 0x4953, 0x2049, 0x5320, 0x4249, 0x4720, 0x454e, 0x4449, 0x414e, 0x2e2e, 0x0000};

#ifdef __CLASSIC_C__
int main(argc, argv) int argc; char *argv[];
#else
int main(int argc, char *argv[])
#endif
{
  int require = 0;
  require += info_little[argc];
  require += info_big[argc];
  (void)argv;
  return require;
}


Performing C SOURCE FILE Test LIBTOOL_HAS_NO_UNDEFINED succeeded with the following output:
Change Dir: /home/daniel/FLORIAN/PROYECTOS/MOHID/Libraries/netcdf-c-4.6.1/CMakeFiles/CMakeTmp

Run Build Command:"/usr/bin/make" "cmTC_45991/fast"
/usr/bin/make -f CMakeFiles/cmTC_45991.dir/build.make CMakeFiles/cmTC_45991.dir/build
make[1]: se entra en el directorio '/home/daniel/FLORIAN/PROYECTOS/MOHID/Libraries/netcdf-c-4.6.1/CMakeFiles/CMakeTmp'
Building C object CMakeFiles/cmTC_45991.dir/src.c.o
/usr/bin/cc   -DLIBTOOL_HAS_NO_UNDEFINED -Wl,--no-undefined -fPIE   -o CMakeFiles/cmTC_45991.dir/src.c.o   -c /home/daniel/FLORIAN/PROYECTOS/MOHID/Libraries/netcdf-c-4.6.1/CMakeFiles/CMakeTmp/src.c
Linking C executable cmTC_45991
/home/daniel/Descargas/cmake-3.12.2/bin/cmake -E cmake_link_script CMakeFiles/cmTC_45991.dir/link.txt --verbose=1
/usr/bin/cc  -DLIBTOOL_HAS_NO_UNDEFINED -Wl,--no-undefined    CMakeFiles/cmTC_45991.dir/src.c.o  -o cmTC_45991 
make[1]: se sale del directorio '/home/daniel/FLORIAN/PROYECTOS/MOHID/Libraries/netcdf-c-4.6.1/CMakeFiles/CMakeTmp'

Source file was:
int main() {return 0;}
Performing C SOURCE FILE Test CC_HAS_WCONVERSION succeeded with the following output:
Change Dir: /home/daniel/FLORIAN/PROYECTOS/MOHID/Libraries/netcdf-c-4.6.1/CMakeFiles/CMakeTmp

Run Build Command:"/usr/bin/make" "cmTC_4f130/fast"
/usr/bin/make -f CMakeFiles/cmTC_4f130.dir/build.make CMakeFiles/cmTC_4f130.dir/build
make[1]: Entering directory '/home/daniel/FLORIAN/PROYECTOS/MOHID/Libraries/netcdf-c-4.6.1/CMakeFiles/CMakeTmp'
Building C object CMakeFiles/cmTC_4f130.dir/src.c.o
/usr/bin/cc   -DCC_HAS_WCONVERSION -fPIE   -Wconversion -o CMakeFiles/cmTC_4f130.dir/src.c.o   -c /home/daniel/FLORIAN/PROYECTOS/MOHID/Libraries/netcdf-c-4.6.1/CMakeFiles/CMakeTmp/src.c
Linking C executable cmTC_4f130
/home/daniel/Descargas/cmake-3.12.2/bin/cmake -E cmake_link_script CMakeFiles/cmTC_4f130.dir/link.txt --verbose=1
/usr/bin/cc  -DCC_HAS_WCONVERSION    CMakeFiles/cmTC_4f130.dir/src.c.o  -o cmTC_4f130 
make[1]: Leaving directory '/home/daniel/FLORIAN/PROYECTOS/MOHID/Libraries/netcdf-c-4.6.1/CMakeFiles/CMakeTmp'

Source file was:
int main(void) { return 0; }
